mode: set
aibuddy/main.go:23.47,29.2 5 0
aibuddy/main.go:32.20,37.16 5 0
aibuddy/main.go:37.16,40.3 2 0
aibuddy/main.go:41.2,41.12 1 0
aibuddy/main.go:45.23,47.15 2 0
aibuddy/main.go:47.15,48.53 1 0
aibuddy/main.go:48.53,49.52 1 0
aibuddy/main.go:49.52,51.5 1 0
aibuddy/main.go:54.2,54.12 1 0
aibuddy/main.go:57.13,58.32 1 0
aibuddy/main.go:58.32,61.3 2 0
aibuddy/main.go:62.2,62.15 1 0
aibuddy/main.go:62.15,63.36 1 0
aibuddy/main.go:63.36,65.4 1 0
aibuddy/main.go:68.2,71.16 4 0
aibuddy/main.go:71.16,73.3 1 0
aibuddy/main.go:74.2,75.29 2 0
aibuddy/cmd/generate/generate.go:9.13,12.2 2 0
aibuddy/cmd/server/server.go:13.64,14.30 1 0
aibuddy/cmd/server/server.go:14.30,15.21 1 0
aibuddy/cmd/server/server.go:15.21,16.33 1 0
aibuddy/cmd/server/server.go:16.33,18.5 1 0
aibuddy/cmd/server/server.go:21.2,21.12 1 0
aibuddy/cmd/server/ahttp/http.go:21.49,23.12 2 0
aibuddy/cmd/server/ahttp/http.go:23.12,25.46 2 0
aibuddy/cmd/server/ahttp/http.go:25.46,27.4 1 0
aibuddy/cmd/server/ahttp/http.go:30.2,39.30 7 0
aibuddy/cmd/server/ahttp/http.go:43.51,51.85 1 0
aibuddy/cmd/server/ahttp/http.go:51.85,61.12 2 0
aibuddy/cmd/server/ahttp/http.go:62.31,63.36 1 0
aibuddy/cmd/server/ahttp/http.go:64.31,65.35 1 0
aibuddy/cmd/server/ahttp/http.go:66.13,67.35 1 0
aibuddy/cmd/server/ahttp/http.go:69.5,69.15 1 0
aibuddy/cmd/server/ahttp/http.go:75.70,78.5 2 0
aibuddy/cmd/server/ahttp/http.go:89.37,92.56 2 0
aibuddy/cmd/server/ahttp/http.go:92.56,94.3 1 0
aibuddy/cmd/server/ahttp/http.go:96.2,97.60 2 0
aibuddy/cmd/server/ahttp/http.go:97.60,99.64 2 0
aibuddy/cmd/server/ahttp/http.go:99.64,101.4 1 0
aibuddy/cmd/server/ahttp/http.go:104.2,106.3 1 0
aibuddy/cmd/server/ahttp/auth/auth.go:18.34,20.2 1 0
aibuddy/cmd/server/ahttp/auth/auth.go:29.39,30.72 1 0
aibuddy/cmd/server/ahttp/auth/auth.go:30.72,39.58 7 0
aibuddy/cmd/server/ahttp/auth/auth.go:39.58,43.4 1 0
aibuddy/cmd/server/ahttp/auth/auth.go:45.3,45.98 1 0
aibuddy/cmd/server/schedule/base.go:12.47,20.16 3 0
aibuddy/cmd/server/schedule/base.go:20.16,22.3 1 0
aibuddy/cmd/server/schedule/base.go:23.2,23.12 1 0
aibuddy/cmd/server/schedule/base.go:23.12,25.45 2 0
aibuddy/cmd/server/schedule/base.go:25.45,27.4 1 0
aibuddy/cmd/server/schedule/base.go:30.2,30.40 1 0
aibuddy/cmd/server/schedule/base.go:30.40,32.3 1 0
aibuddy/cmd/server/schedule/base.go:34.2,34.28 1 0
aibuddy/cmd/server/schedule/demo.go:17.30,21.2 1 0
aibuddy/cmd/server/schedule/demo.go:24.32,26.2 1 0
aibuddy/cmd/server/schedule/demo.go:29.30,31.2 1 0
aibuddy/cmd/server/schedule/demo.go:34.55,35.38 1 0
aibuddy/cmd/server/schedule/demo.go:35.38,39.3 2 0
aibuddy/cmd/server/schedule/demo.go:50.35,52.2 1 0
aibuddy/cmd/server/schedule/demo.go:55.37,57.2 1 0
aibuddy/cmd/server/schedule/demo.go:60.35,62.2 1 0
aibuddy/cmd/server/schedule/demo.go:65.52,67.30 2 0
aibuddy/cmd/server/schedule/demo.go:67.30,70.3 2 0
aibuddy/cmd/server/schedule/log_adapter.go:18.47,20.2 1 0
aibuddy/cmd/server/schedule/log_adapter.go:22.58,24.2 1 0
aibuddy/cmd/server/schedule/log_adapter.go:26.49,28.2 1 0
aibuddy/cmd/server/schedule/log_adapter.go:30.47,32.2 1 0
aibuddy/cmd/server/schedule/log_adapter.go:34.58,36.2 1 0
aibuddy/cmd/server/schedule/log_adapter.go:38.49,40.2 1 0
aibuddy/cmd/server/schedule/log_adapter.go:42.47,44.2 1 0
aibuddy/cmd/server/schedule/log_adapter.go:46.58,48.2 1 0
aibuddy/cmd/server/schedule/log_adapter.go:50.49,52.2 1 0
aibuddy/cmd/server/schedule/log_adapter.go:56.13,63.2 3 0
aibuddy/cmd/server/schedule/schedule.go:23.41,26.2 2 0
aibuddy/cmd/server/schedule/schedule.go:29.49,32.34 2 0
aibuddy/cmd/server/schedule/schedule.go:32.34,34.3 1 0
aibuddy/cmd/server/schedule/schedule.go:36.2,36.25 1 0
aibuddy/cmd/server/schedule/schedule.go:36.25,38.3 1 0
aibuddy/cmd/server/schedule/schedule.go:40.2,41.38 2 0
aibuddy/cmd/server/schedule/schedule.go:41.38,47.3 2 0
aibuddy/cmd/server/schedule/schedule.go:48.2,48.13 1 0
aibuddy/cmd/server/schedule/schedule.go:52.50,53.18 1 0
aibuddy/cmd/server/schedule/schedule.go:54.22,55.12 1 0
aibuddy/cmd/server/schedule/schedule.go:56.78,57.11 1 0
aibuddy/cmd/server/schedule/schedule.go:58.83,59.11 1 0
aibuddy/cmd/server/schedule/schedule.go:60.40,61.13 1 0
aibuddy/cmd/server/schedule/schedule.go:62.20,63.15 1 0
aibuddy/cmd/server/schedule/schedule.go:64.21,65.25 1 0
aibuddy/cmd/server/schedule/schedule.go:66.19,67.34 1 0
aibuddy/cmd/server/schedule/schedule.go:68.10,69.13 1 0
aibuddy/cmd/server/schedule/schedule.go:74.28,75.39 1 0
aibuddy/cmd/server/schedule/schedule.go:75.39,83.17 6 0
aibuddy/cmd/server/schedule/schedule.go:83.17,88.4 1 0
aibuddy/cmd/server/schedule/schedule.go:91.2,91.12 1 0
aibuddy/cmd/server/schedule/schedule.go:102.67,105.18 3 0
aibuddy/cmd/server/schedule/schedule.go:105.18,107.3 1 0
aibuddy/cmd/server/schedule/schedule.go:109.2,110.23 2 0
aibuddy/cmd/server/schedule/schedule.go:110.23,112.32 2 0
aibuddy/cmd/server/schedule/schedule.go:112.32,118.4 1 0
aibuddy/cmd/server/schedule/schedule.go:119.8,121.3 1 0
aibuddy/cmd/server/schedule/schedule.go:123.2,131.12 3 0
aibuddy/cmd/server/schedule/time.go:26.40,28.2 1 0
aibuddy/cmd/server/schedule/time.go:35.124,39.22 3 0
aibuddy/cmd/server/schedule/time.go:40.13,42.55 1 0
aibuddy/cmd/server/schedule/time.go:44.14,46.33 1 0
aibuddy/cmd/server/schedule/time.go:46.33,48.4 1 0
aibuddy/cmd/server/schedule/time.go:49.3,49.65 1 0
aibuddy/cmd/server/schedule/time.go:51.15,53.40 1 0
aibuddy/cmd/server/schedule/time.go:53.40,55.4 1 0
aibuddy/cmd/server/schedule/time.go:56.3,56.68 1 0
aibuddy/cmd/server/schedule/time.go:58.12,60.82 1 0
aibuddy/cmd/server/schedule/time.go:62.10,63.67 1 0
aibuddy/cmd/server/schedule/time.go:68.137,80.33 4 0
aibuddy/cmd/server/schedule/time.go:80.33,82.17 2 0
aibuddy/cmd/server/schedule/time.go:82.17,83.9 1 0
aibuddy/cmd/server/schedule/time.go:87.2,87.16 1 0
aibuddy/cmd/server/schedule/time.go:87.16,89.3 1 0
aibuddy/cmd/server/schedule/time.go:91.2,91.62 1 0
aibuddy/internal/model/agent.go:20.33,22.2 1 0
aibuddy/internal/model/device.go:24.39,26.2 1 0
aibuddy/internal/model/device.go:47.34,49.2 1 0
aibuddy/internal/model/model.go:17.36,19.2 1 0
aibuddy/internal/model/model.go:27.17,31.29 3 0
aibuddy/internal/model/model.go:31.29,33.4 1 0
aibuddy/internal/model/model.go:35.2,35.16 1 0
aibuddy/internal/model/model.go:35.16,36.13 1 0
aibuddy/internal/model/model.go:38.2,38.20 1 0
aibuddy/internal/model/model.go:42.31,44.2 1 0
aibuddy/internal/model/model.go:47.30,69.2 7 0
aibuddy/internal/model/reminder.go:25.39,27.2 1 0
aibuddy/internal/model/reminder.go:43.41,45.2 1 0
aibuddy/internal/model/reminder.go:68.38,70.2 1 0
aibuddy/internal/model/user.go:24.32,26.2 1 0
aibuddy/internal/query/base.go:6.13,8.2 1 0
aibuddy/internal/query/buddy_agent.gen.go:23.56,41.2 13 0
aibuddy/internal/query/buddy_agent.gen.go:57.50,60.2 2 0
aibuddy/internal/query/buddy_agent.gen.go:62.40,65.2 2 0
aibuddy/internal/query/buddy_agent.gen.go:67.54,79.2 9 0
aibuddy/internal/query/buddy_agent.gen.go:81.74,83.22 2 0
aibuddy/internal/query/buddy_agent.gen.go:83.22,85.3 1 0
aibuddy/internal/query/buddy_agent.gen.go:86.2,87.16 2 0
aibuddy/internal/query/buddy_agent.gen.go:90.32,98.2 7 0
aibuddy/internal/query/buddy_agent.gen.go:100.41,103.2 2 0
aibuddy/internal/query/buddy_agent.gen.go:105.45,108.2 2 0
aibuddy/internal/query/buddy_agent.gen.go:175.35,177.2 1 0
aibuddy/internal/query/buddy_agent.gen.go:179.60,181.2 1 0
aibuddy/internal/query/buddy_agent.gen.go:183.36,185.2 1 0
aibuddy/internal/query/buddy_agent.gen.go:187.37,189.2 1 0
aibuddy/internal/query/buddy_agent.gen.go:191.57,193.2 1 0
aibuddy/internal/query/buddy_agent.gen.go:195.63,197.2 1 0
aibuddy/internal/query/buddy_agent.gen.go:199.75,201.2 1 0
aibuddy/internal/query/buddy_agent.gen.go:203.55,205.2 1 0
aibuddy/internal/query/buddy_agent.gen.go:207.54,209.2 1 0
aibuddy/internal/query/buddy_agent.gen.go:211.55,213.2 1 0
aibuddy/internal/query/buddy_agent.gen.go:215.57,217.2 1 0
aibuddy/internal/query/buddy_agent.gen.go:219.54,221.2 1 0
aibuddy/internal/query/buddy_agent.gen.go:223.56,225.2 1 0
aibuddy/internal/query/buddy_agent.gen.go:227.52,229.2 1 0
aibuddy/internal/query/buddy_agent.gen.go:231.71,233.2 1 0
aibuddy/internal/query/buddy_agent.gen.go:235.75,237.2 1 0
aibuddy/internal/query/buddy_agent.gen.go:239.76,241.2 1 0
aibuddy/internal/query/buddy_agent.gen.go:243.53,245.2 1 0
aibuddy/internal/query/buddy_agent.gen.go:247.58,249.2 1 0
aibuddy/internal/query/buddy_agent.gen.go:251.44,253.2 1 0
aibuddy/internal/query/buddy_agent.gen.go:255.46,257.2 1 0
aibuddy/internal/query/buddy_agent.gen.go:259.66,261.2 1 0
aibuddy/internal/query/buddy_agent.gen.go:263.38,265.2 1 0
aibuddy/internal/query/buddy_agent.gen.go:267.55,268.22 1 0
aibuddy/internal/query/buddy_agent.gen.go:268.22,270.3 1 0
aibuddy/internal/query/buddy_agent.gen.go:271.2,271.28 1 0
aibuddy/internal/query/buddy_agent.gen.go:274.78,276.2 1 0
aibuddy/internal/query/buddy_agent.gen.go:280.53,281.22 1 0
aibuddy/internal/query/buddy_agent.gen.go:281.22,283.3 1 0
aibuddy/internal/query/buddy_agent.gen.go:284.2,284.26 1 0
aibuddy/internal/query/buddy_agent.gen.go:287.48,288.45 1 0
aibuddy/internal/query/buddy_agent.gen.go:288.45,290.3 1 0
aibuddy/internal/query/buddy_agent.gen.go:290.8,292.3 1 0
aibuddy/internal/query/buddy_agent.gen.go:295.47,296.44 1 0
aibuddy/internal/query/buddy_agent.gen.go:296.44,298.3 1 0
aibuddy/internal/query/buddy_agent.gen.go:298.8,300.3 1 0
aibuddy/internal/query/buddy_agent.gen.go:303.47,304.44 1 0
aibuddy/internal/query/buddy_agent.gen.go:304.44,306.3 1 0
aibuddy/internal/query/buddy_agent.gen.go:306.8,308.3 1 0
aibuddy/internal/query/buddy_agent.gen.go:311.49,314.2 2 0
aibuddy/internal/query/buddy_agent.gen.go:316.119,318.78 2 0
aibuddy/internal/query/buddy_agent.gen.go:318.78,319.16 1 0
aibuddy/internal/query/buddy_agent.gen.go:319.16,319.53 1 0
aibuddy/internal/query/buddy_agent.gen.go:320.3,320.23 1 0
aibuddy/internal/query/buddy_agent.gen.go:322.2,322.21 1 0
aibuddy/internal/query/buddy_agent.gen.go:325.115,327.2 1 0
aibuddy/internal/query/buddy_agent.gen.go:329.60,331.2 1 0
aibuddy/internal/query/buddy_agent.gen.go:333.61,335.2 1 0
aibuddy/internal/query/buddy_agent.gen.go:337.64,338.28 1 0
aibuddy/internal/query/buddy_agent.gen.go:338.28,340.3 1 0
aibuddy/internal/query/buddy_agent.gen.go:341.2,341.11 1 0
aibuddy/internal/query/buddy_agent.gen.go:344.66,345.28 1 0
aibuddy/internal/query/buddy_agent.gen.go:345.28,347.3 1 0
aibuddy/internal/query/buddy_agent.gen.go:348.2,348.11 1 0
aibuddy/internal/query/buddy_agent.gen.go:351.54,352.51 1 0
aibuddy/internal/query/buddy_agent.gen.go:352.51,354.3 1 0
aibuddy/internal/query/buddy_agent.gen.go:354.8,356.3 1 0
aibuddy/internal/query/buddy_agent.gen.go:359.56,360.53 1 0
aibuddy/internal/query/buddy_agent.gen.go:360.53,362.3 1 0
aibuddy/internal/query/buddy_agent.gen.go:362.8,364.3 1 0
aibuddy/internal/query/buddy_agent.gen.go:367.100,369.16 2 0
aibuddy/internal/query/buddy_agent.gen.go:369.16,371.3 1 0
aibuddy/internal/query/buddy_agent.gen.go:373.2,373.64 1 0
aibuddy/internal/query/buddy_agent.gen.go:373.64,376.3 2 0
aibuddy/internal/query/buddy_agent.gen.go:378.2,379.8 2 0
aibuddy/internal/query/buddy_agent.gen.go:382.97,384.16 2 0
aibuddy/internal/query/buddy_agent.gen.go:384.16,386.3 1 0
aibuddy/internal/query/buddy_agent.gen.go:388.2,389.8 2 0
aibuddy/internal/query/buddy_agent.gen.go:392.55,394.2 1 0
aibuddy/internal/query/buddy_agent.gen.go:396.84,398.2 1 0
aibuddy/internal/query/buddy_agent.gen.go:400.47,403.2 2 0
aibuddy/internal/query/buddy_device.gen.go:23.58,74.2 16 0
aibuddy/internal/query/buddy_device.gen.go:94.52,97.2 2 0
aibuddy/internal/query/buddy_device.gen.go:99.42,102.2 2 0
aibuddy/internal/query/buddy_device.gen.go:104.56,117.2 10 0
aibuddy/internal/query/buddy_device.gen.go:119.75,121.22 2 0
aibuddy/internal/query/buddy_device.gen.go:121.22,123.3 1 0
aibuddy/internal/query/buddy_device.gen.go:124.2,125.16 2 0
aibuddy/internal/query/buddy_device.gen.go:128.33,138.2 8 0
aibuddy/internal/query/buddy_device.gen.go:140.43,147.2 6 0
aibuddy/internal/query/buddy_device.gen.go:149.47,154.2 4 0
aibuddy/internal/query/buddy_device.gen.go:172.72,173.21 1 0
aibuddy/internal/query/buddy_device.gen.go:173.21,175.3 1 0
aibuddy/internal/query/buddy_device.gen.go:177.2,178.29 2 0
aibuddy/internal/query/buddy_device.gen.go:178.29,180.3 1 0
aibuddy/internal/query/buddy_device.gen.go:181.2,182.11 2 0
aibuddy/internal/query/buddy_device.gen.go:185.78,188.2 2 0
aibuddy/internal/query/buddy_device.gen.go:190.76,193.2 2 0
aibuddy/internal/query/buddy_device.gen.go:195.70,197.2 1 0
aibuddy/internal/query/buddy_device.gen.go:199.56,202.2 2 0
aibuddy/internal/query/buddy_device.gen.go:206.68,208.2 1 0
aibuddy/internal/query/buddy_device.gen.go:210.71,212.27 2 0
aibuddy/internal/query/buddy_device.gen.go:212.27,214.3 1 0
aibuddy/internal/query/buddy_device.gen.go:215.2,215.37 1 0
aibuddy/internal/query/buddy_device.gen.go:218.72,220.27 2 0
aibuddy/internal/query/buddy_device.gen.go:220.27,222.3 1 0
aibuddy/internal/query/buddy_device.gen.go:223.2,223.38 1 0
aibuddy/internal/query/buddy_device.gen.go:226.71,228.27 2 0
aibuddy/internal/query/buddy_device.gen.go:228.27,230.3 1 0
aibuddy/internal/query/buddy_device.gen.go:231.2,231.37 1 0
aibuddy/internal/query/buddy_device.gen.go:234.43,236.2 1 0
aibuddy/internal/query/buddy_device.gen.go:238.43,240.2 1 0
aibuddy/internal/query/buddy_device.gen.go:242.60,245.2 2 0
aibuddy/internal/query/buddy_device.gen.go:253.80,254.21 1 0
aibuddy/internal/query/buddy_device.gen.go:254.21,256.3 1 0
aibuddy/internal/query/buddy_device.gen.go:258.2,259.29 2 0
aibuddy/internal/query/buddy_device.gen.go:259.29,261.3 1 0
aibuddy/internal/query/buddy_device.gen.go:262.2,263.11 2 0
aibuddy/internal/query/buddy_device.gen.go:266.86,269.2 2 0
aibuddy/internal/query/buddy_device.gen.go:271.84,274.2 2 0
aibuddy/internal/query/buddy_device.gen.go:276.78,278.2 1 0
aibuddy/internal/query/buddy_device.gen.go:280.64,283.2 2 0
aibuddy/internal/query/buddy_device.gen.go:287.73,289.2 1 0
aibuddy/internal/query/buddy_device.gen.go:291.76,293.27 2 0
aibuddy/internal/query/buddy_device.gen.go:293.27,295.3 1 0
aibuddy/internal/query/buddy_device.gen.go:296.2,296.37 1 0
aibuddy/internal/query/buddy_device.gen.go:299.77,301.27 2 0
aibuddy/internal/query/buddy_device.gen.go:301.27,303.3 1 0
aibuddy/internal/query/buddy_device.gen.go:304.2,304.38 1 0
aibuddy/internal/query/buddy_device.gen.go:307.76,309.27 2 0
aibuddy/internal/query/buddy_device.gen.go:309.27,311.3 1 0
aibuddy/internal/query/buddy_device.gen.go:312.2,312.37 1 0
aibuddy/internal/query/buddy_device.gen.go:315.47,317.2 1 0
aibuddy/internal/query/buddy_device.gen.go:319.47,321.2 1 0
aibuddy/internal/query/buddy_device.gen.go:323.68,326.2 2 0
aibuddy/internal/query/buddy_device.gen.go:393.37,395.2 1 0
aibuddy/internal/query/buddy_device.gen.go:397.62,399.2 1 0
aibuddy/internal/query/buddy_device.gen.go:401.38,403.2 1 0
aibuddy/internal/query/buddy_device.gen.go:405.39,407.2 1 0
aibuddy/internal/query/buddy_device.gen.go:409.59,411.2 1 0
aibuddy/internal/query/buddy_device.gen.go:413.65,415.2 1 0
aibuddy/internal/query/buddy_device.gen.go:417.77,419.2 1 0
aibuddy/internal/query/buddy_device.gen.go:421.57,423.2 1 0
aibuddy/internal/query/buddy_device.gen.go:425.56,427.2 1 0
aibuddy/internal/query/buddy_device.gen.go:429.57,431.2 1 0
aibuddy/internal/query/buddy_device.gen.go:433.59,435.2 1 0
aibuddy/internal/query/buddy_device.gen.go:437.56,439.2 1 0
aibuddy/internal/query/buddy_device.gen.go:441.58,443.2 1 0
aibuddy/internal/query/buddy_device.gen.go:445.54,447.2 1 0
aibuddy/internal/query/buddy_device.gen.go:449.73,451.2 1 0
aibuddy/internal/query/buddy_device.gen.go:453.77,455.2 1 0
aibuddy/internal/query/buddy_device.gen.go:457.78,459.2 1 0
aibuddy/internal/query/buddy_device.gen.go:461.55,463.2 1 0
aibuddy/internal/query/buddy_device.gen.go:465.60,467.2 1 0
aibuddy/internal/query/buddy_device.gen.go:469.46,471.2 1 0
aibuddy/internal/query/buddy_device.gen.go:473.48,475.2 1 0
aibuddy/internal/query/buddy_device.gen.go:477.68,479.2 1 0
aibuddy/internal/query/buddy_device.gen.go:481.40,483.2 1 0
aibuddy/internal/query/buddy_device.gen.go:485.57,486.22 1 0
aibuddy/internal/query/buddy_device.gen.go:486.22,488.3 1 0
aibuddy/internal/query/buddy_device.gen.go:489.2,489.28 1 0
aibuddy/internal/query/buddy_device.gen.go:492.80,494.2 1 0
aibuddy/internal/query/buddy_device.gen.go:498.55,499.22 1 0
aibuddy/internal/query/buddy_device.gen.go:499.22,501.3 1 0
aibuddy/internal/query/buddy_device.gen.go:502.2,502.26 1 0
aibuddy/internal/query/buddy_device.gen.go:505.50,506.45 1 0
aibuddy/internal/query/buddy_device.gen.go:506.45,508.3 1 0
aibuddy/internal/query/buddy_device.gen.go:508.8,510.3 1 0
aibuddy/internal/query/buddy_device.gen.go:513.49,514.44 1 0
aibuddy/internal/query/buddy_device.gen.go:514.44,516.3 1 0
aibuddy/internal/query/buddy_device.gen.go:516.8,518.3 1 0
aibuddy/internal/query/buddy_device.gen.go:521.49,522.44 1 0
aibuddy/internal/query/buddy_device.gen.go:522.44,524.3 1 0
aibuddy/internal/query/buddy_device.gen.go:524.8,526.3 1 0
aibuddy/internal/query/buddy_device.gen.go:529.51,532.2 2 0
aibuddy/internal/query/buddy_device.gen.go:534.121,536.78 2 0
aibuddy/internal/query/buddy_device.gen.go:536.78,537.16 1 0
aibuddy/internal/query/buddy_device.gen.go:537.16,537.53 1 0
aibuddy/internal/query/buddy_device.gen.go:538.3,538.23 1 0
aibuddy/internal/query/buddy_device.gen.go:540.2,540.21 1 0
aibuddy/internal/query/buddy_device.gen.go:543.117,545.2 1 0
aibuddy/internal/query/buddy_device.gen.go:547.62,549.2 1 0
aibuddy/internal/query/buddy_device.gen.go:551.63,553.2 1 0
aibuddy/internal/query/buddy_device.gen.go:555.66,556.28 1 0
aibuddy/internal/query/buddy_device.gen.go:556.28,558.3 1 0
aibuddy/internal/query/buddy_device.gen.go:559.2,559.11 1 0
aibuddy/internal/query/buddy_device.gen.go:562.68,563.28 1 0
aibuddy/internal/query/buddy_device.gen.go:563.28,565.3 1 0
aibuddy/internal/query/buddy_device.gen.go:566.2,566.11 1 0
aibuddy/internal/query/buddy_device.gen.go:569.56,570.51 1 0
aibuddy/internal/query/buddy_device.gen.go:570.51,572.3 1 0
aibuddy/internal/query/buddy_device.gen.go:572.8,574.3 1 0
aibuddy/internal/query/buddy_device.gen.go:577.58,578.53 1 0
aibuddy/internal/query/buddy_device.gen.go:578.53,580.3 1 0
aibuddy/internal/query/buddy_device.gen.go:580.8,582.3 1 0
aibuddy/internal/query/buddy_device.gen.go:585.102,587.16 2 0
aibuddy/internal/query/buddy_device.gen.go:587.16,589.3 1 0
aibuddy/internal/query/buddy_device.gen.go:591.2,591.64 1 0
aibuddy/internal/query/buddy_device.gen.go:591.64,594.3 2 0
aibuddy/internal/query/buddy_device.gen.go:596.2,597.8 2 0
aibuddy/internal/query/buddy_device.gen.go:600.98,602.16 2 0
aibuddy/internal/query/buddy_device.gen.go:602.16,604.3 1 0
aibuddy/internal/query/buddy_device.gen.go:606.2,607.8 2 0
aibuddy/internal/query/buddy_device.gen.go:610.56,612.2 1 0
aibuddy/internal/query/buddy_device.gen.go:614.86,616.2 1 0
aibuddy/internal/query/buddy_device.gen.go:618.49,621.2 2 0
aibuddy/internal/query/buddy_reminder.gen.go:23.62,68.2 18 0
aibuddy/internal/query/buddy_reminder.gen.go:89.56,92.2 2 0
aibuddy/internal/query/buddy_reminder.gen.go:94.46,97.2 2 0
aibuddy/internal/query/buddy_reminder.gen.go:99.60,115.2 13 0
aibuddy/internal/query/buddy_reminder.gen.go:117.77,119.22 2 0
aibuddy/internal/query/buddy_reminder.gen.go:119.22,121.3 1 0
aibuddy/internal/query/buddy_reminder.gen.go:122.2,123.16 2 0
aibuddy/internal/query/buddy_reminder.gen.go:126.35,139.2 11 0
aibuddy/internal/query/buddy_reminder.gen.go:141.47,146.2 4 0
aibuddy/internal/query/buddy_reminder.gen.go:148.51,152.2 3 0
aibuddy/internal/query/buddy_reminder.gen.go:170.80,171.21 1 0
aibuddy/internal/query/buddy_reminder.gen.go:171.21,173.3 1 0
aibuddy/internal/query/buddy_reminder.gen.go:175.2,176.29 2 0
aibuddy/internal/query/buddy_reminder.gen.go:176.29,178.3 1 0
aibuddy/internal/query/buddy_reminder.gen.go:179.2,180.11 2 0
aibuddy/internal/query/buddy_reminder.gen.go:183.86,186.2 2 0
aibuddy/internal/query/buddy_reminder.gen.go:188.84,191.2 2 0
aibuddy/internal/query/buddy_reminder.gen.go:193.80,195.2 1 0
aibuddy/internal/query/buddy_reminder.gen.go:197.64,200.2 2 0
aibuddy/internal/query/buddy_reminder.gen.go:204.74,206.2 1 0
aibuddy/internal/query/buddy_reminder.gen.go:208.77,210.27 2 0
aibuddy/internal/query/buddy_reminder.gen.go:210.27,212.3 1 0
aibuddy/internal/query/buddy_reminder.gen.go:213.2,213.37 1 0
aibuddy/internal/query/buddy_reminder.gen.go:216.78,218.27 2 0
aibuddy/internal/query/buddy_reminder.gen.go:218.27,220.3 1 0
aibuddy/internal/query/buddy_reminder.gen.go:221.2,221.38 1 0
aibuddy/internal/query/buddy_reminder.gen.go:224.77,226.27 2 0
aibuddy/internal/query/buddy_reminder.gen.go:226.27,228.3 1 0
aibuddy/internal/query/buddy_reminder.gen.go:229.2,229.37 1 0
aibuddy/internal/query/buddy_reminder.gen.go:232.47,234.2 1 0
aibuddy/internal/query/buddy_reminder.gen.go:236.47,238.2 1 0
aibuddy/internal/query/buddy_reminder.gen.go:240.68,243.2 2 0
aibuddy/internal/query/buddy_reminder.gen.go:310.41,312.2 1 0
aibuddy/internal/query/buddy_reminder.gen.go:314.66,316.2 1 0
aibuddy/internal/query/buddy_reminder.gen.go:318.42,320.2 1 0
aibuddy/internal/query/buddy_reminder.gen.go:322.43,324.2 1 0
aibuddy/internal/query/buddy_reminder.gen.go:326.63,328.2 1 0
aibuddy/internal/query/buddy_reminder.gen.go:330.69,332.2 1 0
aibuddy/internal/query/buddy_reminder.gen.go:334.81,336.2 1 0
aibuddy/internal/query/buddy_reminder.gen.go:338.61,340.2 1 0
aibuddy/internal/query/buddy_reminder.gen.go:342.60,344.2 1 0
aibuddy/internal/query/buddy_reminder.gen.go:346.61,348.2 1 0
aibuddy/internal/query/buddy_reminder.gen.go:350.63,352.2 1 0
aibuddy/internal/query/buddy_reminder.gen.go:354.60,356.2 1 0
aibuddy/internal/query/buddy_reminder.gen.go:358.62,360.2 1 0
aibuddy/internal/query/buddy_reminder.gen.go:362.58,364.2 1 0
aibuddy/internal/query/buddy_reminder.gen.go:366.77,368.2 1 0
aibuddy/internal/query/buddy_reminder.gen.go:370.81,372.2 1 0
aibuddy/internal/query/buddy_reminder.gen.go:374.82,376.2 1 0
aibuddy/internal/query/buddy_reminder.gen.go:378.59,380.2 1 0
aibuddy/internal/query/buddy_reminder.gen.go:382.64,384.2 1 0
aibuddy/internal/query/buddy_reminder.gen.go:386.50,388.2 1 0
aibuddy/internal/query/buddy_reminder.gen.go:390.52,392.2 1 0
aibuddy/internal/query/buddy_reminder.gen.go:394.72,396.2 1 0
aibuddy/internal/query/buddy_reminder.gen.go:398.44,400.2 1 0
aibuddy/internal/query/buddy_reminder.gen.go:402.61,403.22 1 0
aibuddy/internal/query/buddy_reminder.gen.go:403.22,405.3 1 0
aibuddy/internal/query/buddy_reminder.gen.go:406.2,406.28 1 0
aibuddy/internal/query/buddy_reminder.gen.go:409.84,411.2 1 0
aibuddy/internal/query/buddy_reminder.gen.go:415.59,416.22 1 0
aibuddy/internal/query/buddy_reminder.gen.go:416.22,418.3 1 0
aibuddy/internal/query/buddy_reminder.gen.go:419.2,419.26 1 0
aibuddy/internal/query/buddy_reminder.gen.go:422.54,423.45 1 0
aibuddy/internal/query/buddy_reminder.gen.go:423.45,425.3 1 0
aibuddy/internal/query/buddy_reminder.gen.go:425.8,427.3 1 0
aibuddy/internal/query/buddy_reminder.gen.go:430.53,431.44 1 0
aibuddy/internal/query/buddy_reminder.gen.go:431.44,433.3 1 0
aibuddy/internal/query/buddy_reminder.gen.go:433.8,435.3 1 0
aibuddy/internal/query/buddy_reminder.gen.go:438.53,439.44 1 0
aibuddy/internal/query/buddy_reminder.gen.go:439.44,441.3 1 0
aibuddy/internal/query/buddy_reminder.gen.go:441.8,443.3 1 0
aibuddy/internal/query/buddy_reminder.gen.go:446.55,449.2 2 0
aibuddy/internal/query/buddy_reminder.gen.go:451.125,453.78 2 0
aibuddy/internal/query/buddy_reminder.gen.go:453.78,454.16 1 0
aibuddy/internal/query/buddy_reminder.gen.go:454.16,454.53 1 0
aibuddy/internal/query/buddy_reminder.gen.go:455.3,455.23 1 0
aibuddy/internal/query/buddy_reminder.gen.go:457.2,457.21 1 0
aibuddy/internal/query/buddy_reminder.gen.go:460.121,462.2 1 0
aibuddy/internal/query/buddy_reminder.gen.go:464.66,466.2 1 0
aibuddy/internal/query/buddy_reminder.gen.go:468.67,470.2 1 0
aibuddy/internal/query/buddy_reminder.gen.go:472.70,473.28 1 0
aibuddy/internal/query/buddy_reminder.gen.go:473.28,475.3 1 0
aibuddy/internal/query/buddy_reminder.gen.go:476.2,476.11 1 0
aibuddy/internal/query/buddy_reminder.gen.go:479.72,480.28 1 0
aibuddy/internal/query/buddy_reminder.gen.go:480.28,482.3 1 0
aibuddy/internal/query/buddy_reminder.gen.go:483.2,483.11 1 0
aibuddy/internal/query/buddy_reminder.gen.go:486.60,487.51 1 0
aibuddy/internal/query/buddy_reminder.gen.go:487.51,489.3 1 0
aibuddy/internal/query/buddy_reminder.gen.go:489.8,491.3 1 0
aibuddy/internal/query/buddy_reminder.gen.go:494.62,495.53 1 0
aibuddy/internal/query/buddy_reminder.gen.go:495.53,497.3 1 0
aibuddy/internal/query/buddy_reminder.gen.go:497.8,499.3 1 0
aibuddy/internal/query/buddy_reminder.gen.go:502.106,504.16 2 0
aibuddy/internal/query/buddy_reminder.gen.go:504.16,506.3 1 0
aibuddy/internal/query/buddy_reminder.gen.go:508.2,508.64 1 0
aibuddy/internal/query/buddy_reminder.gen.go:508.64,511.3 2 0
aibuddy/internal/query/buddy_reminder.gen.go:513.2,514.8 2 0
aibuddy/internal/query/buddy_reminder.gen.go:517.100,519.16 2 0
aibuddy/internal/query/buddy_reminder.gen.go:519.16,521.3 1 0
aibuddy/internal/query/buddy_reminder.gen.go:523.2,524.8 2 0
aibuddy/internal/query/buddy_reminder.gen.go:527.58,529.2 1 0
aibuddy/internal/query/buddy_reminder.gen.go:531.90,533.2 1 0
aibuddy/internal/query/buddy_reminder.gen.go:535.53,538.2 2 0
aibuddy/internal/query/buddy_user.gen.go:23.54,67.2 17 0
aibuddy/internal/query/buddy_user.gen.go:87.48,90.2 2 0
aibuddy/internal/query/buddy_user.gen.go:92.38,95.2 2 0
aibuddy/internal/query/buddy_user.gen.go:97.52,112.2 12 0
aibuddy/internal/query/buddy_user.gen.go:114.73,116.22 2 0
aibuddy/internal/query/buddy_user.gen.go:116.22,118.3 1 0
aibuddy/internal/query/buddy_user.gen.go:119.2,120.16 2 0
aibuddy/internal/query/buddy_user.gen.go:123.31,135.2 10 0
aibuddy/internal/query/buddy_user.gen.go:137.39,142.2 4 0
aibuddy/internal/query/buddy_user.gen.go:144.43,148.2 3 0
aibuddy/internal/query/buddy_user.gen.go:166.72,167.21 1 0
aibuddy/internal/query/buddy_user.gen.go:167.21,169.3 1 0
aibuddy/internal/query/buddy_user.gen.go:171.2,172.29 2 0
aibuddy/internal/query/buddy_user.gen.go:172.29,174.3 1 0
aibuddy/internal/query/buddy_user.gen.go:175.2,176.11 2 0
aibuddy/internal/query/buddy_user.gen.go:179.78,182.2 2 0
aibuddy/internal/query/buddy_user.gen.go:184.76,187.2 2 0
aibuddy/internal/query/buddy_user.gen.go:189.68,191.2 1 0
aibuddy/internal/query/buddy_user.gen.go:193.56,196.2 2 0
aibuddy/internal/query/buddy_user.gen.go:200.70,202.2 1 0
aibuddy/internal/query/buddy_user.gen.go:204.73,206.27 2 0
aibuddy/internal/query/buddy_user.gen.go:206.27,208.3 1 0
aibuddy/internal/query/buddy_user.gen.go:209.2,209.37 1 0
aibuddy/internal/query/buddy_user.gen.go:212.74,214.27 2 0
aibuddy/internal/query/buddy_user.gen.go:214.27,216.3 1 0
aibuddy/internal/query/buddy_user.gen.go:217.2,217.38 1 0
aibuddy/internal/query/buddy_user.gen.go:220.73,222.27 2 0
aibuddy/internal/query/buddy_user.gen.go:222.27,224.3 1 0
aibuddy/internal/query/buddy_user.gen.go:225.2,225.37 1 0
aibuddy/internal/query/buddy_user.gen.go:228.43,230.2 1 0
aibuddy/internal/query/buddy_user.gen.go:232.43,234.2 1 0
aibuddy/internal/query/buddy_user.gen.go:236.60,239.2 2 0
aibuddy/internal/query/buddy_user.gen.go:306.33,308.2 1 0
aibuddy/internal/query/buddy_user.gen.go:310.58,312.2 1 0
aibuddy/internal/query/buddy_user.gen.go:314.34,316.2 1 0
aibuddy/internal/query/buddy_user.gen.go:318.35,320.2 1 0
aibuddy/internal/query/buddy_user.gen.go:322.55,324.2 1 0
aibuddy/internal/query/buddy_user.gen.go:326.61,328.2 1 0
aibuddy/internal/query/buddy_user.gen.go:330.73,332.2 1 0
aibuddy/internal/query/buddy_user.gen.go:334.53,336.2 1 0
aibuddy/internal/query/buddy_user.gen.go:338.52,340.2 1 0
aibuddy/internal/query/buddy_user.gen.go:342.53,344.2 1 0
aibuddy/internal/query/buddy_user.gen.go:346.55,348.2 1 0
aibuddy/internal/query/buddy_user.gen.go:350.52,352.2 1 0
aibuddy/internal/query/buddy_user.gen.go:354.54,356.2 1 0
aibuddy/internal/query/buddy_user.gen.go:358.50,360.2 1 0
aibuddy/internal/query/buddy_user.gen.go:362.69,364.2 1 0
aibuddy/internal/query/buddy_user.gen.go:366.73,368.2 1 0
aibuddy/internal/query/buddy_user.gen.go:370.74,372.2 1 0
aibuddy/internal/query/buddy_user.gen.go:374.51,376.2 1 0
aibuddy/internal/query/buddy_user.gen.go:378.56,380.2 1 0
aibuddy/internal/query/buddy_user.gen.go:382.42,384.2 1 0
aibuddy/internal/query/buddy_user.gen.go:386.44,388.2 1 0
aibuddy/internal/query/buddy_user.gen.go:390.64,392.2 1 0
aibuddy/internal/query/buddy_user.gen.go:394.36,396.2 1 0
aibuddy/internal/query/buddy_user.gen.go:398.53,399.22 1 0
aibuddy/internal/query/buddy_user.gen.go:399.22,401.3 1 0
aibuddy/internal/query/buddy_user.gen.go:402.2,402.28 1 0
aibuddy/internal/query/buddy_user.gen.go:405.76,407.2 1 0
aibuddy/internal/query/buddy_user.gen.go:411.51,412.22 1 0
aibuddy/internal/query/buddy_user.gen.go:412.22,414.3 1 0
aibuddy/internal/query/buddy_user.gen.go:415.2,415.26 1 0
aibuddy/internal/query/buddy_user.gen.go:418.46,419.45 1 0
aibuddy/internal/query/buddy_user.gen.go:419.45,421.3 1 0
aibuddy/internal/query/buddy_user.gen.go:421.8,423.3 1 0
aibuddy/internal/query/buddy_user.gen.go:426.45,427.44 1 0
aibuddy/internal/query/buddy_user.gen.go:427.44,429.3 1 0
aibuddy/internal/query/buddy_user.gen.go:429.8,431.3 1 0
aibuddy/internal/query/buddy_user.gen.go:434.45,435.44 1 0
aibuddy/internal/query/buddy_user.gen.go:435.44,437.3 1 0
aibuddy/internal/query/buddy_user.gen.go:437.8,439.3 1 0
aibuddy/internal/query/buddy_user.gen.go:442.47,445.2 2 0
aibuddy/internal/query/buddy_user.gen.go:447.117,449.78 2 0
aibuddy/internal/query/buddy_user.gen.go:449.78,450.16 1 0
aibuddy/internal/query/buddy_user.gen.go:450.16,450.53 1 0
aibuddy/internal/query/buddy_user.gen.go:451.3,451.23 1 0
aibuddy/internal/query/buddy_user.gen.go:453.2,453.21 1 0
aibuddy/internal/query/buddy_user.gen.go:456.113,458.2 1 0
aibuddy/internal/query/buddy_user.gen.go:460.58,462.2 1 0
aibuddy/internal/query/buddy_user.gen.go:464.59,466.2 1 0
aibuddy/internal/query/buddy_user.gen.go:468.62,469.28 1 0
aibuddy/internal/query/buddy_user.gen.go:469.28,471.3 1 0
aibuddy/internal/query/buddy_user.gen.go:472.2,472.11 1 0
aibuddy/internal/query/buddy_user.gen.go:475.64,476.28 1 0
aibuddy/internal/query/buddy_user.gen.go:476.28,478.3 1 0
aibuddy/internal/query/buddy_user.gen.go:479.2,479.11 1 0
aibuddy/internal/query/buddy_user.gen.go:482.52,483.51 1 0
aibuddy/internal/query/buddy_user.gen.go:483.51,485.3 1 0
aibuddy/internal/query/buddy_user.gen.go:485.8,487.3 1 0
aibuddy/internal/query/buddy_user.gen.go:490.54,491.53 1 0
aibuddy/internal/query/buddy_user.gen.go:491.53,493.3 1 0
aibuddy/internal/query/buddy_user.gen.go:493.8,495.3 1 0
aibuddy/internal/query/buddy_user.gen.go:498.98,500.16 2 0
aibuddy/internal/query/buddy_user.gen.go:500.16,502.3 1 0
aibuddy/internal/query/buddy_user.gen.go:504.2,504.64 1 0
aibuddy/internal/query/buddy_user.gen.go:504.64,507.3 2 0
aibuddy/internal/query/buddy_user.gen.go:509.2,510.8 2 0
aibuddy/internal/query/buddy_user.gen.go:513.96,515.16 2 0
aibuddy/internal/query/buddy_user.gen.go:515.16,517.3 1 0
aibuddy/internal/query/buddy_user.gen.go:519.2,520.8 2 0
aibuddy/internal/query/buddy_user.gen.go:523.54,525.2 1 0
aibuddy/internal/query/buddy_user.gen.go:527.82,529.2 1 0
aibuddy/internal/query/buddy_user.gen.go:531.45,534.2 2 0
aibuddy/internal/query/gen.go:26.52,32.2 5 0
aibuddy/internal/query/gen.go:34.52,42.2 1 0
aibuddy/internal/query/gen.go:53.34,53.56 1 0
aibuddy/internal/query/gen.go:55.43,63.2 1 0
aibuddy/internal/query/gen.go:65.33,67.2 1 0
aibuddy/internal/query/gen.go:69.34,71.2 1 0
aibuddy/internal/query/gen.go:73.47,81.2 1 0
aibuddy/internal/query/gen.go:90.60,97.2 1 0
aibuddy/internal/query/gen.go:99.85,100.50 1 0
aibuddy/internal/query/gen.go:100.50,100.76 1 0
aibuddy/internal/query/gen.go:103.56,106.2 2 0
aibuddy/internal/query/gen.go:113.34,115.2 1 0
aibuddy/internal/query/gen.go:117.36,119.2 1 0
aibuddy/internal/query/gen.go:121.48,123.2 1 0
aibuddy/internal/query/gen.go:125.49,127.2 1 0
aibuddy/pkg/ahttp/base.go:29.51,34.2 1 1
aibuddy/pkg/ahttp/base.go:37.82,39.2 1 1
aibuddy/pkg/ahttp/base.go:42.83,44.2 1 1
aibuddy/pkg/ahttp/base.go:47.82,49.2 1 1
aibuddy/pkg/ahttp/base.go:52.84,54.2 1 1
aibuddy/pkg/ahttp/base.go:57.86,59.2 1 1
aibuddy/pkg/ahttp/base.go:62.83,64.2 1 1
aibuddy/pkg/ahttp/base.go:67.85,69.2 1 1
aibuddy/pkg/ahttp/base.go:73.90,75.41 2 1
aibuddy/pkg/ahttp/base.go:75.41,76.46 1 0
aibuddy/pkg/ahttp/base.go:78.2,79.29 2 1
aibuddy/pkg/ahttp/base.go:79.29,80.52 1 0
aibuddy/pkg/ahttp/base.go:82.2,82.51 1 1
aibuddy/pkg/ahttp/base.go:82.51,83.54 1 0
aibuddy/pkg/ahttp/base.go:86.2,86.93 1 1
aibuddy/pkg/ahttp/base.go:86.93,87.48 1 0
aibuddy/pkg/ahttp/base.go:90.2,92.56 2 1
aibuddy/pkg/ahttp/base.go:92.56,93.23 1 1
aibuddy/pkg/ahttp/base.go:93.23,95.4 1 1
aibuddy/pkg/ahttp/base.go:96.3,97.36 2 1
aibuddy/pkg/ahttp/base.go:97.36,99.4 1 1
aibuddy/pkg/ahttp/base.go:101.3,103.47 2 1
aibuddy/pkg/ahttp/base.go:103.47,108.4 1 0
aibuddy/pkg/ahttp/base.go:110.3,110.71 1 1
aibuddy/pkg/ahttp/base.go:110.71,112.4 1 0
aibuddy/pkg/ahttp/base.go:114.3,114.58 1 1
aibuddy/pkg/ahttp/base.go:119.96,120.24 1 1
aibuddy/pkg/ahttp/base.go:120.24,121.51 1 1
aibuddy/pkg/ahttp/base.go:121.51,122.59 1 1
aibuddy/pkg/ahttp/base.go:122.59,133.5 6 1
aibuddy/pkg/ahttp/base.go:135.4,137.60 1 0
aibuddy/pkg/ahttp/base.go:140.2,140.12 1 1
aibuddy/pkg/ahttp/base.go:144.100,153.23 3 1
aibuddy/pkg/ahttp/base.go:153.23,155.3 1 1
aibuddy/pkg/ahttp/base.go:156.2,157.20 2 1
aibuddy/pkg/ahttp/base.go:157.20,159.3 1 1
aibuddy/pkg/ahttp/base.go:160.2,160.73 1 1
aibuddy/pkg/ahttp/base.go:160.73,162.3 1 1
aibuddy/pkg/ahttp/base.go:164.2,164.12 1 1
aibuddy/pkg/ahttp/base.go:178.43,180.31 2 0
aibuddy/pkg/ahttp/base.go:180.31,182.3 1 0
aibuddy/pkg/ahttp/base.go:183.2,183.33 1 0
aibuddy/pkg/ahttp/base.go:187.51,189.16 2 1
aibuddy/pkg/ahttp/base.go:189.16,191.3 1 1
aibuddy/pkg/ahttp/base.go:192.2,192.65 1 1
aibuddy/pkg/ahttp/base.go:192.65,196.3 1 1
aibuddy/pkg/ahttp/base.go:198.2,198.12 1 0
aibuddy/pkg/ahttp/base.go:201.117,202.38 1 1
aibuddy/pkg/ahttp/base.go:202.38,204.3 1 0
aibuddy/pkg/ahttp/base.go:206.2,210.9 4 1
aibuddy/pkg/ahttp/base.go:210.9,212.3 1 1
aibuddy/pkg/ahttp/base.go:213.2,213.9 1 1
aibuddy/pkg/ahttp/base.go:213.9,215.3 1 0
aibuddy/pkg/ahttp/base.go:216.2,216.9 1 1
aibuddy/pkg/ahttp/base.go:216.9,218.3 1 0
aibuddy/pkg/ahttp/base.go:219.2,219.9 1 1
aibuddy/pkg/ahttp/base.go:219.9,221.3 1 0
aibuddy/pkg/ahttp/base.go:222.2,222.9 1 1
aibuddy/pkg/ahttp/base.go:222.9,224.3 1 0
aibuddy/pkg/ahttp/base.go:226.2,226.9 1 1
aibuddy/pkg/ahttp/base.go:226.9,228.3 1 0
aibuddy/pkg/ahttp/base.go:231.2,234.29 3 1
aibuddy/pkg/ahttp/base.go:234.29,235.41 1 1
aibuddy/pkg/ahttp/base.go:235.41,237.9 2 1
aibuddy/pkg/ahttp/base.go:241.2,241.33 1 1
aibuddy/pkg/ahttp/response.go:18.46,25.2 1 1
aibuddy/pkg/ahttp/response.go:28.52,31.2 2 1
aibuddy/pkg/ahttp/response.go:34.57,37.2 2 1
aibuddy/pkg/ahttp/response.go:40.48,43.2 2 1
aibuddy/pkg/ahttp/response.go:46.47,47.32 1 1
aibuddy/pkg/ahttp/response.go:47.32,49.3 1 1
aibuddy/pkg/ahttp/response.go:51.2,51.19 1 1
aibuddy/pkg/ahttp/response.go:51.19,53.3 1 1
aibuddy/pkg/ahttp/response.go:54.2,54.21 1 1
aibuddy/pkg/ahttp/response.go:54.21,56.3 1 0
aibuddy/pkg/ahttp/response.go:57.2,57.19 1 1
aibuddy/pkg/ahttp/response.go:57.19,59.3 1 0
aibuddy/pkg/ahttp/response.go:60.2,60.37 1 1
aibuddy/pkg/ahttp/response.go:64.38,65.32 1 0
aibuddy/pkg/ahttp/response.go:65.32,67.3 1 0
aibuddy/pkg/ahttp/response.go:68.2,68.19 1 0
aibuddy/pkg/ahttp/response.go:68.19,70.3 1 0
aibuddy/pkg/ahttp/response.go:71.2,71.21 1 0
aibuddy/pkg/ahttp/response.go:71.21,73.3 1 0
aibuddy/pkg/ahttp/response.go:74.2,76.37 3 0
aibuddy/pkg/ahttp/response.go:80.44,81.32 1 1
aibuddy/pkg/ahttp/response.go:81.32,83.3 1 0
aibuddy/pkg/ahttp/response.go:84.2,84.19 1 1
aibuddy/pkg/ahttp/response.go:84.19,86.3 1 0
aibuddy/pkg/ahttp/response.go:87.2,88.37 2 1
aibuddy/pkg/buddyerror/error.go:32.49,34.2 1 1
aibuddy/pkg/config/config.go:95.36,104.36 4 0
aibuddy/pkg/config/config.go:104.36,106.3 1 0
aibuddy/pkg/config/config.go:109.2,110.16 2 0
aibuddy/pkg/config/config.go:110.16,112.3 1 0
aibuddy/pkg/config/config.go:114.2,122.16 7 0
aibuddy/pkg/config/config.go:122.16,124.3 1 0
aibuddy/pkg/config/config.go:124.8,126.3 1 0
aibuddy/pkg/config/config.go:128.2,128.57 1 0
aibuddy/pkg/config/config.go:128.57,131.46 3 0
aibuddy/pkg/config/config.go:131.46,133.4 1 0
aibuddy/pkg/config/config.go:133.9,135.4 1 0
aibuddy/pkg/config/config.go:138.2,141.16 3 0
aibuddy/pkg/config/config.go:141.16,143.13 2 0
aibuddy/pkg/config/config.go:145.2,147.12 2 0
aibuddy/pkg/config/config.go:151.31,153.42 1 0
aibuddy/pkg/config/config.go:153.42,155.3 1 0
aibuddy/pkg/config/config.go:158.2,158.42 1 0
aibuddy/pkg/config/config.go:158.42,160.3 1 0
aibuddy/pkg/config/config.go:163.2,163.45 1 0
aibuddy/pkg/config/config.go:163.45,165.3 1 0
aibuddy/pkg/config/config.go:167.2,167.28 1 0
aibuddy/pkg/config/config.go:170.30,171.64 1 0
aibuddy/pkg/config/config.go:171.64,172.30 1 0
aibuddy/pkg/config/config.go:172.30,174.4 1 0
aibuddy/pkg/config/config.go:175.3,175.52 1 0
aibuddy/pkg/config/config.go:175.52,177.4 1 0
aibuddy/pkg/config/config.go:178.3,178.17 1 0
aibuddy/pkg/config/config.go:180.2,180.11 1 0
aibuddy/pkg/config/config.go:183.30,184.45 1 0
aibuddy/pkg/config/config.go:184.45,187.3 2 0
aibuddy/pkg/config/config.go:188.2,188.11 1 0
aibuddy/pkg/config/config.go:191.33,193.9 2 0
aibuddy/pkg/config/config.go:193.9,195.3 1 0
aibuddy/pkg/config/config.go:197.2,198.6 2 0
aibuddy/pkg/config/config.go:198.6,200.47 2 0
aibuddy/pkg/config/config.go:200.47,202.49 2 0
aibuddy/pkg/config/config.go:202.49,204.5 1 0
aibuddy/pkg/config/config.go:205.4,205.9 1 0
aibuddy/pkg/config/config.go:207.3,208.20 2 0
aibuddy/pkg/config/config.go:208.20,209.9 1 0
aibuddy/pkg/config/config.go:211.3,211.15 1 0
aibuddy/pkg/config/config.go:213.2,213.11 1 0
aibuddy/pkg/config/config.go:216.40,218.47 2 0
aibuddy/pkg/config/config.go:218.47,220.3 1 0
aibuddy/pkg/config/config.go:221.2,222.47 2 0
aibuddy/pkg/config/config.go:222.47,224.3 1 0
aibuddy/pkg/config/config.go:225.2,225.11 1 0
aibuddy/pkg/config/config.go:228.33,230.16 2 0
aibuddy/pkg/config/config.go:230.16,232.3 1 0
aibuddy/pkg/config/config.go:233.2,233.12 1 0
aibuddy/pkg/log/log.go:30.38,38.2 1 0
aibuddy/pkg/log/log.go:41.62,46.2 1 0
aibuddy/pkg/log/log.go:49.46,53.2 1 0
aibuddy/pkg/log/log.go:56.26,59.25 2 0
aibuddy/pkg/log/log.go:59.25,68.3 2 0
aibuddy/pkg/log/log.go:70.2,70.21 1 0
aibuddy/pkg/log/log.go:70.21,72.3 1 0
aibuddy/pkg/log/log.go:74.2,77.57 1 0
aibuddy/pkg/log/log.go:77.57,78.47 1 0
aibuddy/pkg/log/log.go:78.47,80.6 1 0
aibuddy/pkg/log/log.go:82.5,82.13 1 0
aibuddy/pkg/log/log.go:88.40,91.16 3 0
aibuddy/pkg/log/log.go:91.16,94.3 2 0
aibuddy/pkg/log/log.go:95.2,95.14 1 0
aibuddy/pkg/schedule/schedule.go:42.53,43.27 1 0
aibuddy/pkg/schedule/schedule.go:43.27,45.3 1 0
aibuddy/pkg/schedule/schedule.go:46.2,73.22 12 0
aibuddy/pkg/schedule/schedule.go:77.37,82.27 4 0
aibuddy/pkg/schedule/schedule.go:82.27,84.3 1 0
aibuddy/pkg/schedule/schedule.go:85.2,85.29 1 0
aibuddy/pkg/schedule/schedule.go:85.29,87.3 1 0
aibuddy/pkg/schedule/schedule.go:88.2,88.30 1 0
aibuddy/pkg/schedule/schedule.go:88.30,90.3 1 0
aibuddy/pkg/schedule/schedule.go:92.2,92.40 1 0
aibuddy/pkg/schedule/schedule.go:92.40,94.3 1 0
aibuddy/pkg/schedule/schedule.go:96.2,96.12 1 0
aibuddy/pkg/schedule/schedule.go:100.37,104.21 3 0
aibuddy/pkg/schedule/schedule.go:104.21,105.16 1 0
aibuddy/pkg/schedule/schedule.go:105.16,107.4 1 0
aibuddy/pkg/schedule/schedule.go:109.3,109.10 1 0
aibuddy/pkg/schedule/schedule.go:109.10,110.17 1 0
aibuddy/pkg/schedule/schedule.go:110.17,112.5 1 0
aibuddy/pkg/schedule/schedule.go:113.4,113.19 1 0
aibuddy/pkg/schedule/schedule.go:116.2,116.22 1 0
aibuddy/pkg/schedule/schedule.go:116.22,119.3 2 0
aibuddy/pkg/schedule/schedule.go:120.2,120.12 1 0
aibuddy/pkg/tracer/otlo.go:17.73,18.41 1 0
aibuddy/pkg/tracer/otlo.go:18.41,20.3 1 0
aibuddy/pkg/tracer/otlo.go:21.2,25.16 2 0
aibuddy/pkg/tracer/otlo.go:25.16,27.3 1 0
aibuddy/pkg/tracer/otlo.go:29.2,35.16 2 0
aibuddy/pkg/tracer/otlo.go:35.16,37.3 1 0
aibuddy/pkg/tracer/otlo.go:39.2,46.16 3 0
aibuddy/pkg/tracer/otlo.go:50.47,51.58 1 0
aibuddy/pkg/tracer/otlo.go:51.58,54.3 2 0
aibuddy/pkg/tracer/otlo.go:55.2,56.12 2 0
aibuddy/main.go:23.47,29.2 5 0
aibuddy/main.go:32.20,37.16 5 0
aibuddy/main.go:37.16,40.3 2 0
aibuddy/main.go:41.2,41.12 1 0
aibuddy/main.go:45.23,47.15 2 0
aibuddy/main.go:47.15,48.53 1 0
aibuddy/main.go:48.53,49.52 1 0
aibuddy/main.go:49.52,51.5 1 0
aibuddy/main.go:54.2,54.12 1 0
aibuddy/main.go:57.13,58.32 1 0
aibuddy/main.go:58.32,61.3 2 0
aibuddy/main.go:62.2,62.15 1 0
aibuddy/main.go:62.15,63.36 1 0
aibuddy/main.go:63.36,65.4 1 0
aibuddy/main.go:68.2,71.16 4 0
aibuddy/main.go:71.16,73.3 1 0
aibuddy/main.go:74.2,75.29 2 0
aibuddy/cmd/generate/generate.go:9.13,12.2 2 0
aibuddy/cmd/server/server.go:13.64,14.30 1 0
aibuddy/cmd/server/server.go:14.30,15.21 1 0
aibuddy/cmd/server/server.go:15.21,16.33 1 0
aibuddy/cmd/server/server.go:16.33,18.5 1 0
aibuddy/cmd/server/server.go:21.2,21.12 1 0
aibuddy/cmd/server/ahttp/http.go:21.49,23.12 2 0
aibuddy/cmd/server/ahttp/http.go:23.12,25.46 2 0
aibuddy/cmd/server/ahttp/http.go:25.46,27.4 1 0
aibuddy/cmd/server/ahttp/http.go:30.2,39.30 7 0
aibuddy/cmd/server/ahttp/http.go:43.51,51.85 1 0
aibuddy/cmd/server/ahttp/http.go:51.85,61.12 2 0
aibuddy/cmd/server/ahttp/http.go:62.31,63.36 1 0
aibuddy/cmd/server/ahttp/http.go:64.31,65.35 1 0
aibuddy/cmd/server/ahttp/http.go:66.13,67.35 1 0
aibuddy/cmd/server/ahttp/http.go:69.5,69.15 1 0
aibuddy/cmd/server/ahttp/http.go:75.70,78.5 2 0
aibuddy/cmd/server/ahttp/http.go:89.37,92.56 2 0
aibuddy/cmd/server/ahttp/http.go:92.56,94.3 1 0
aibuddy/cmd/server/ahttp/http.go:96.2,97.60 2 0
aibuddy/cmd/server/ahttp/http.go:97.60,99.64 2 0
aibuddy/cmd/server/ahttp/http.go:99.64,101.4 1 0
aibuddy/cmd/server/ahttp/http.go:104.2,106.3 1 0
aibuddy/cmd/server/ahttp/auth/auth.go:18.34,20.2 1 0
aibuddy/cmd/server/ahttp/auth/auth.go:29.39,30.72 1 0
aibuddy/cmd/server/ahttp/auth/auth.go:30.72,39.58 7 0
aibuddy/cmd/server/ahttp/auth/auth.go:39.58,43.4 1 0
aibuddy/cmd/server/ahttp/auth/auth.go:45.3,45.98 1 0
aibuddy/cmd/server/schedule/base.go:12.47,20.16 3 0
aibuddy/cmd/server/schedule/base.go:20.16,22.3 1 0
aibuddy/cmd/server/schedule/base.go:23.2,23.12 1 0
aibuddy/cmd/server/schedule/base.go:23.12,25.45 2 0
aibuddy/cmd/server/schedule/base.go:25.45,27.4 1 0
aibuddy/cmd/server/schedule/base.go:30.2,30.40 1 0
aibuddy/cmd/server/schedule/base.go:30.40,32.3 1 0
aibuddy/cmd/server/schedule/base.go:34.2,34.28 1 0
aibuddy/cmd/server/schedule/demo.go:17.30,21.2 1 0
aibuddy/cmd/server/schedule/demo.go:24.32,26.2 1 0
aibuddy/cmd/server/schedule/demo.go:29.30,31.2 1 0
aibuddy/cmd/server/schedule/demo.go:34.55,35.38 1 0
aibuddy/cmd/server/schedule/demo.go:35.38,39.3 2 0
aibuddy/cmd/server/schedule/demo.go:50.35,52.2 1 0
aibuddy/cmd/server/schedule/demo.go:55.37,57.2 1 0
aibuddy/cmd/server/schedule/demo.go:60.35,62.2 1 0
aibuddy/cmd/server/schedule/demo.go:65.52,67.30 2 0
aibuddy/cmd/server/schedule/demo.go:67.30,70.3 2 0
aibuddy/cmd/server/schedule/log_adapter.go:18.47,20.2 1 0
aibuddy/cmd/server/schedule/log_adapter.go:22.58,24.2 1 0
aibuddy/cmd/server/schedule/log_adapter.go:26.49,28.2 1 0
aibuddy/cmd/server/schedule/log_adapter.go:30.47,32.2 1 0
aibuddy/cmd/server/schedule/log_adapter.go:34.58,36.2 1 0
aibuddy/cmd/server/schedule/log_adapter.go:38.49,40.2 1 0
aibuddy/cmd/server/schedule/log_adapter.go:42.47,44.2 1 0
aibuddy/cmd/server/schedule/log_adapter.go:46.58,48.2 1 0
aibuddy/cmd/server/schedule/log_adapter.go:50.49,52.2 1 0
aibuddy/cmd/server/schedule/log_adapter.go:56.13,63.2 3 0
aibuddy/cmd/server/schedule/schedule.go:23.41,26.2 2 0
aibuddy/cmd/server/schedule/schedule.go:29.49,32.34 2 0
aibuddy/cmd/server/schedule/schedule.go:32.34,34.3 1 0
aibuddy/cmd/server/schedule/schedule.go:36.2,36.25 1 0
aibuddy/cmd/server/schedule/schedule.go:36.25,38.3 1 0
aibuddy/cmd/server/schedule/schedule.go:40.2,41.38 2 0
aibuddy/cmd/server/schedule/schedule.go:41.38,47.3 2 0
aibuddy/cmd/server/schedule/schedule.go:48.2,48.13 1 0
aibuddy/cmd/server/schedule/schedule.go:52.50,53.18 1 0
aibuddy/cmd/server/schedule/schedule.go:54.22,55.12 1 0
aibuddy/cmd/server/schedule/schedule.go:56.78,57.11 1 0
aibuddy/cmd/server/schedule/schedule.go:58.83,59.11 1 0
aibuddy/cmd/server/schedule/schedule.go:60.40,61.13 1 0
aibuddy/cmd/server/schedule/schedule.go:62.20,63.15 1 0
aibuddy/cmd/server/schedule/schedule.go:64.21,65.25 1 0
aibuddy/cmd/server/schedule/schedule.go:66.19,67.34 1 0
aibuddy/cmd/server/schedule/schedule.go:68.10,69.13 1 0
aibuddy/cmd/server/schedule/schedule.go:74.28,75.39 1 0
aibuddy/cmd/server/schedule/schedule.go:75.39,83.17 6 0
aibuddy/cmd/server/schedule/schedule.go:83.17,88.4 1 0
aibuddy/cmd/server/schedule/schedule.go:91.2,91.12 1 0
aibuddy/cmd/server/schedule/schedule.go:102.67,105.18 3 0
aibuddy/cmd/server/schedule/schedule.go:105.18,107.3 1 0
aibuddy/cmd/server/schedule/schedule.go:109.2,110.23 2 0
aibuddy/cmd/server/schedule/schedule.go:110.23,112.32 2 0
aibuddy/cmd/server/schedule/schedule.go:112.32,118.4 1 0
aibuddy/cmd/server/schedule/schedule.go:119.8,121.3 1 0
aibuddy/cmd/server/schedule/schedule.go:123.2,131.12 3 0
aibuddy/cmd/server/schedule/time.go:26.40,28.2 1 0
aibuddy/cmd/server/schedule/time.go:35.124,39.22 3 0
aibuddy/cmd/server/schedule/time.go:40.13,42.55 1 0
aibuddy/cmd/server/schedule/time.go:44.14,46.33 1 0
aibuddy/cmd/server/schedule/time.go:46.33,48.4 1 0
aibuddy/cmd/server/schedule/time.go:49.3,49.65 1 0
aibuddy/cmd/server/schedule/time.go:51.15,53.40 1 0
aibuddy/cmd/server/schedule/time.go:53.40,55.4 1 0
aibuddy/cmd/server/schedule/time.go:56.3,56.68 1 0
aibuddy/cmd/server/schedule/time.go:58.12,60.82 1 0
aibuddy/cmd/server/schedule/time.go:62.10,63.67 1 0
aibuddy/cmd/server/schedule/time.go:68.137,80.33 4 0
aibuddy/cmd/server/schedule/time.go:80.33,82.17 2 0
aibuddy/cmd/server/schedule/time.go:82.17,83.9 1 0
aibuddy/cmd/server/schedule/time.go:87.2,87.16 1 0
aibuddy/cmd/server/schedule/time.go:87.16,89.3 1 0
aibuddy/cmd/server/schedule/time.go:91.2,91.62 1 0
aibuddy/internal/model/agent.go:20.33,22.2 1 0
aibuddy/internal/model/device.go:24.39,26.2 1 0
aibuddy/internal/model/device.go:47.34,49.2 1 0
aibuddy/internal/model/model.go:17.36,19.2 1 0
aibuddy/internal/model/model.go:27.17,31.29 3 0
aibuddy/internal/model/model.go:31.29,33.4 1 0
aibuddy/internal/model/model.go:35.2,35.16 1 0
aibuddy/internal/model/model.go:35.16,36.13 1 0
aibuddy/internal/model/model.go:38.2,38.20 1 0
aibuddy/internal/model/model.go:42.31,44.2 1 0
aibuddy/internal/model/model.go:47.30,69.2 7 0
aibuddy/internal/model/reminder.go:25.39,27.2 1 0
aibuddy/internal/model/reminder.go:43.41,45.2 1 0
aibuddy/internal/model/reminder.go:68.38,70.2 1 0
aibuddy/internal/model/user.go:24.32,26.2 1 0
aibuddy/internal/query/base.go:6.13,8.2 1 0
aibuddy/internal/query/buddy_agent.gen.go:23.56,41.2 13 0
aibuddy/internal/query/buddy_agent.gen.go:57.50,60.2 2 0
aibuddy/internal/query/buddy_agent.gen.go:62.40,65.2 2 0
aibuddy/internal/query/buddy_agent.gen.go:67.54,79.2 9 0
aibuddy/internal/query/buddy_agent.gen.go:81.74,83.22 2 0
aibuddy/internal/query/buddy_agent.gen.go:83.22,85.3 1 0
aibuddy/internal/query/buddy_agent.gen.go:86.2,87.16 2 0
aibuddy/internal/query/buddy_agent.gen.go:90.32,98.2 7 0
aibuddy/internal/query/buddy_agent.gen.go:100.41,103.2 2 0
aibuddy/internal/query/buddy_agent.gen.go:105.45,108.2 2 0
aibuddy/internal/query/buddy_agent.gen.go:175.35,177.2 1 0
aibuddy/internal/query/buddy_agent.gen.go:179.60,181.2 1 0
aibuddy/internal/query/buddy_agent.gen.go:183.36,185.2 1 0
aibuddy/internal/query/buddy_agent.gen.go:187.37,189.2 1 0
aibuddy/internal/query/buddy_agent.gen.go:191.57,193.2 1 0
aibuddy/internal/query/buddy_agent.gen.go:195.63,197.2 1 0
aibuddy/internal/query/buddy_agent.gen.go:199.75,201.2 1 0
aibuddy/internal/query/buddy_agent.gen.go:203.55,205.2 1 0
aibuddy/internal/query/buddy_agent.gen.go:207.54,209.2 1 0
aibuddy/internal/query/buddy_agent.gen.go:211.55,213.2 1 0
aibuddy/internal/query/buddy_agent.gen.go:215.57,217.2 1 0
aibuddy/internal/query/buddy_agent.gen.go:219.54,221.2 1 0
aibuddy/internal/query/buddy_agent.gen.go:223.56,225.2 1 0
aibuddy/internal/query/buddy_agent.gen.go:227.52,229.2 1 0
aibuddy/internal/query/buddy_agent.gen.go:231.71,233.2 1 0
aibuddy/internal/query/buddy_agent.gen.go:235.75,237.2 1 0
aibuddy/internal/query/buddy_agent.gen.go:239.76,241.2 1 0
aibuddy/internal/query/buddy_agent.gen.go:243.53,245.2 1 0
aibuddy/internal/query/buddy_agent.gen.go:247.58,249.2 1 0
aibuddy/internal/query/buddy_agent.gen.go:251.44,253.2 1 0
aibuddy/internal/query/buddy_agent.gen.go:255.46,257.2 1 0
aibuddy/internal/query/buddy_agent.gen.go:259.66,261.2 1 0
aibuddy/internal/query/buddy_agent.gen.go:263.38,265.2 1 0
aibuddy/internal/query/buddy_agent.gen.go:267.55,268.22 1 0
aibuddy/internal/query/buddy_agent.gen.go:268.22,270.3 1 0
aibuddy/internal/query/buddy_agent.gen.go:271.2,271.28 1 0
aibuddy/internal/query/buddy_agent.gen.go:274.78,276.2 1 0
aibuddy/internal/query/buddy_agent.gen.go:280.53,281.22 1 0
aibuddy/internal/query/buddy_agent.gen.go:281.22,283.3 1 0
aibuddy/internal/query/buddy_agent.gen.go:284.2,284.26 1 0
aibuddy/internal/query/buddy_agent.gen.go:287.48,288.45 1 0
aibuddy/internal/query/buddy_agent.gen.go:288.45,290.3 1 0
aibuddy/internal/query/buddy_agent.gen.go:290.8,292.3 1 0
aibuddy/internal/query/buddy_agent.gen.go:295.47,296.44 1 0
aibuddy/internal/query/buddy_agent.gen.go:296.44,298.3 1 0
aibuddy/internal/query/buddy_agent.gen.go:298.8,300.3 1 0
aibuddy/internal/query/buddy_agent.gen.go:303.47,304.44 1 0
aibuddy/internal/query/buddy_agent.gen.go:304.44,306.3 1 0
aibuddy/internal/query/buddy_agent.gen.go:306.8,308.3 1 0
aibuddy/internal/query/buddy_agent.gen.go:311.49,314.2 2 0
aibuddy/internal/query/buddy_agent.gen.go:316.119,318.78 2 0
aibuddy/internal/query/buddy_agent.gen.go:318.78,319.16 1 0
aibuddy/internal/query/buddy_agent.gen.go:319.16,319.53 1 0
aibuddy/internal/query/buddy_agent.gen.go:320.3,320.23 1 0
aibuddy/internal/query/buddy_agent.gen.go:322.2,322.21 1 0
aibuddy/internal/query/buddy_agent.gen.go:325.115,327.2 1 0
aibuddy/internal/query/buddy_agent.gen.go:329.60,331.2 1 0
aibuddy/internal/query/buddy_agent.gen.go:333.61,335.2 1 0
aibuddy/internal/query/buddy_agent.gen.go:337.64,338.28 1 0
aibuddy/internal/query/buddy_agent.gen.go:338.28,340.3 1 0
aibuddy/internal/query/buddy_agent.gen.go:341.2,341.11 1 0
aibuddy/internal/query/buddy_agent.gen.go:344.66,345.28 1 0
aibuddy/internal/query/buddy_agent.gen.go:345.28,347.3 1 0
aibuddy/internal/query/buddy_agent.gen.go:348.2,348.11 1 0
aibuddy/internal/query/buddy_agent.gen.go:351.54,352.51 1 0
aibuddy/internal/query/buddy_agent.gen.go:352.51,354.3 1 0
aibuddy/internal/query/buddy_agent.gen.go:354.8,356.3 1 0
aibuddy/internal/query/buddy_agent.gen.go:359.56,360.53 1 0
aibuddy/internal/query/buddy_agent.gen.go:360.53,362.3 1 0
aibuddy/internal/query/buddy_agent.gen.go:362.8,364.3 1 0
aibuddy/internal/query/buddy_agent.gen.go:367.100,369.16 2 0
aibuddy/internal/query/buddy_agent.gen.go:369.16,371.3 1 0
aibuddy/internal/query/buddy_agent.gen.go:373.2,373.64 1 0
aibuddy/internal/query/buddy_agent.gen.go:373.64,376.3 2 0
aibuddy/internal/query/buddy_agent.gen.go:378.2,379.8 2 0
aibuddy/internal/query/buddy_agent.gen.go:382.97,384.16 2 0
aibuddy/internal/query/buddy_agent.gen.go:384.16,386.3 1 0
aibuddy/internal/query/buddy_agent.gen.go:388.2,389.8 2 0
aibuddy/internal/query/buddy_agent.gen.go:392.55,394.2 1 0
aibuddy/internal/query/buddy_agent.gen.go:396.84,398.2 1 0
aibuddy/internal/query/buddy_agent.gen.go:400.47,403.2 2 0
aibuddy/internal/query/buddy_device.gen.go:23.58,74.2 16 0
aibuddy/internal/query/buddy_device.gen.go:94.52,97.2 2 0
aibuddy/internal/query/buddy_device.gen.go:99.42,102.2 2 0
aibuddy/internal/query/buddy_device.gen.go:104.56,117.2 10 0
aibuddy/internal/query/buddy_device.gen.go:119.75,121.22 2 0
aibuddy/internal/query/buddy_device.gen.go:121.22,123.3 1 0
aibuddy/internal/query/buddy_device.gen.go:124.2,125.16 2 0
aibuddy/internal/query/buddy_device.gen.go:128.33,138.2 8 0
aibuddy/internal/query/buddy_device.gen.go:140.43,147.2 6 0
aibuddy/internal/query/buddy_device.gen.go:149.47,154.2 4 0
aibuddy/internal/query/buddy_device.gen.go:172.72,173.21 1 0
aibuddy/internal/query/buddy_device.gen.go:173.21,175.3 1 0
aibuddy/internal/query/buddy_device.gen.go:177.2,178.29 2 0
aibuddy/internal/query/buddy_device.gen.go:178.29,180.3 1 0
aibuddy/internal/query/buddy_device.gen.go:181.2,182.11 2 0
aibuddy/internal/query/buddy_device.gen.go:185.78,188.2 2 0
aibuddy/internal/query/buddy_device.gen.go:190.76,193.2 2 0
aibuddy/internal/query/buddy_device.gen.go:195.70,197.2 1 0
aibuddy/internal/query/buddy_device.gen.go:199.56,202.2 2 0
aibuddy/internal/query/buddy_device.gen.go:206.68,208.2 1 0
aibuddy/internal/query/buddy_device.gen.go:210.71,212.27 2 0
aibuddy/internal/query/buddy_device.gen.go:212.27,214.3 1 0
aibuddy/internal/query/buddy_device.gen.go:215.2,215.37 1 0
aibuddy/internal/query/buddy_device.gen.go:218.72,220.27 2 0
aibuddy/internal/query/buddy_device.gen.go:220.27,222.3 1 0
aibuddy/internal/query/buddy_device.gen.go:223.2,223.38 1 0
aibuddy/internal/query/buddy_device.gen.go:226.71,228.27 2 0
aibuddy/internal/query/buddy_device.gen.go:228.27,230.3 1 0
aibuddy/internal/query/buddy_device.gen.go:231.2,231.37 1 0
aibuddy/internal/query/buddy_device.gen.go:234.43,236.2 1 0
aibuddy/internal/query/buddy_device.gen.go:238.43,240.2 1 0
aibuddy/internal/query/buddy_device.gen.go:242.60,245.2 2 0
aibuddy/internal/query/buddy_device.gen.go:253.80,254.21 1 0
aibuddy/internal/query/buddy_device.gen.go:254.21,256.3 1 0
aibuddy/internal/query/buddy_device.gen.go:258.2,259.29 2 0
aibuddy/internal/query/buddy_device.gen.go:259.29,261.3 1 0
aibuddy/internal/query/buddy_device.gen.go:262.2,263.11 2 0
aibuddy/internal/query/buddy_device.gen.go:266.86,269.2 2 0
aibuddy/internal/query/buddy_device.gen.go:271.84,274.2 2 0
aibuddy/internal/query/buddy_device.gen.go:276.78,278.2 1 0
aibuddy/internal/query/buddy_device.gen.go:280.64,283.2 2 0
aibuddy/internal/query/buddy_device.gen.go:287.73,289.2 1 0
aibuddy/internal/query/buddy_device.gen.go:291.76,293.27 2 0
aibuddy/internal/query/buddy_device.gen.go:293.27,295.3 1 0
aibuddy/internal/query/buddy_device.gen.go:296.2,296.37 1 0
aibuddy/internal/query/buddy_device.gen.go:299.77,301.27 2 0
aibuddy/internal/query/buddy_device.gen.go:301.27,303.3 1 0
aibuddy/internal/query/buddy_device.gen.go:304.2,304.38 1 0
aibuddy/internal/query/buddy_device.gen.go:307.76,309.27 2 0
aibuddy/internal/query/buddy_device.gen.go:309.27,311.3 1 0
aibuddy/internal/query/buddy_device.gen.go:312.2,312.37 1 0
aibuddy/internal/query/buddy_device.gen.go:315.47,317.2 1 0
aibuddy/internal/query/buddy_device.gen.go:319.47,321.2 1 0
aibuddy/internal/query/buddy_device.gen.go:323.68,326.2 2 0
aibuddy/internal/query/buddy_device.gen.go:393.37,395.2 1 0
aibuddy/internal/query/buddy_device.gen.go:397.62,399.2 1 0
aibuddy/internal/query/buddy_device.gen.go:401.38,403.2 1 0
aibuddy/internal/query/buddy_device.gen.go:405.39,407.2 1 0
aibuddy/internal/query/buddy_device.gen.go:409.59,411.2 1 0
aibuddy/internal/query/buddy_device.gen.go:413.65,415.2 1 0
aibuddy/internal/query/buddy_device.gen.go:417.77,419.2 1 0
aibuddy/internal/query/buddy_device.gen.go:421.57,423.2 1 0
aibuddy/internal/query/buddy_device.gen.go:425.56,427.2 1 0
aibuddy/internal/query/buddy_device.gen.go:429.57,431.2 1 0
aibuddy/internal/query/buddy_device.gen.go:433.59,435.2 1 0
aibuddy/internal/query/buddy_device.gen.go:437.56,439.2 1 0
aibuddy/internal/query/buddy_device.gen.go:441.58,443.2 1 0
aibuddy/internal/query/buddy_device.gen.go:445.54,447.2 1 0
aibuddy/internal/query/buddy_device.gen.go:449.73,451.2 1 0
aibuddy/internal/query/buddy_device.gen.go:453.77,455.2 1 0
aibuddy/internal/query/buddy_device.gen.go:457.78,459.2 1 0
aibuddy/internal/query/buddy_device.gen.go:461.55,463.2 1 0
aibuddy/internal/query/buddy_device.gen.go:465.60,467.2 1 0
aibuddy/internal/query/buddy_device.gen.go:469.46,471.2 1 0
aibuddy/internal/query/buddy_device.gen.go:473.48,475.2 1 0
aibuddy/internal/query/buddy_device.gen.go:477.68,479.2 1 0
aibuddy/internal/query/buddy_device.gen.go:481.40,483.2 1 0
aibuddy/internal/query/buddy_device.gen.go:485.57,486.22 1 0
aibuddy/internal/query/buddy_device.gen.go:486.22,488.3 1 0
aibuddy/internal/query/buddy_device.gen.go:489.2,489.28 1 0
aibuddy/internal/query/buddy_device.gen.go:492.80,494.2 1 0
aibuddy/internal/query/buddy_device.gen.go:498.55,499.22 1 0
aibuddy/internal/query/buddy_device.gen.go:499.22,501.3 1 0
aibuddy/internal/query/buddy_device.gen.go:502.2,502.26 1 0
aibuddy/internal/query/buddy_device.gen.go:505.50,506.45 1 0
aibuddy/internal/query/buddy_device.gen.go:506.45,508.3 1 0
aibuddy/internal/query/buddy_device.gen.go:508.8,510.3 1 0
aibuddy/internal/query/buddy_device.gen.go:513.49,514.44 1 0
aibuddy/internal/query/buddy_device.gen.go:514.44,516.3 1 0
aibuddy/internal/query/buddy_device.gen.go:516.8,518.3 1 0
aibuddy/internal/query/buddy_device.gen.go:521.49,522.44 1 0
aibuddy/internal/query/buddy_device.gen.go:522.44,524.3 1 0
aibuddy/internal/query/buddy_device.gen.go:524.8,526.3 1 0
aibuddy/internal/query/buddy_device.gen.go:529.51,532.2 2 0
aibuddy/internal/query/buddy_device.gen.go:534.121,536.78 2 0
aibuddy/internal/query/buddy_device.gen.go:536.78,537.16 1 0
aibuddy/internal/query/buddy_device.gen.go:537.16,537.53 1 0
aibuddy/internal/query/buddy_device.gen.go:538.3,538.23 1 0
aibuddy/internal/query/buddy_device.gen.go:540.2,540.21 1 0
aibuddy/internal/query/buddy_device.gen.go:543.117,545.2 1 0
aibuddy/internal/query/buddy_device.gen.go:547.62,549.2 1 0
aibuddy/internal/query/buddy_device.gen.go:551.63,553.2 1 0
aibuddy/internal/query/buddy_device.gen.go:555.66,556.28 1 0
aibuddy/internal/query/buddy_device.gen.go:556.28,558.3 1 0
aibuddy/internal/query/buddy_device.gen.go:559.2,559.11 1 0
aibuddy/internal/query/buddy_device.gen.go:562.68,563.28 1 0
aibuddy/internal/query/buddy_device.gen.go:563.28,565.3 1 0
aibuddy/internal/query/buddy_device.gen.go:566.2,566.11 1 0
aibuddy/internal/query/buddy_device.gen.go:569.56,570.51 1 0
aibuddy/internal/query/buddy_device.gen.go:570.51,572.3 1 0
aibuddy/internal/query/buddy_device.gen.go:572.8,574.3 1 0
aibuddy/internal/query/buddy_device.gen.go:577.58,578.53 1 0
aibuddy/internal/query/buddy_device.gen.go:578.53,580.3 1 0
aibuddy/internal/query/buddy_device.gen.go:580.8,582.3 1 0
aibuddy/internal/query/buddy_device.gen.go:585.102,587.16 2 0
aibuddy/internal/query/buddy_device.gen.go:587.16,589.3 1 0
aibuddy/internal/query/buddy_device.gen.go:591.2,591.64 1 0
aibuddy/internal/query/buddy_device.gen.go:591.64,594.3 2 0
aibuddy/internal/query/buddy_device.gen.go:596.2,597.8 2 0
aibuddy/internal/query/buddy_device.gen.go:600.98,602.16 2 0
aibuddy/internal/query/buddy_device.gen.go:602.16,604.3 1 0
aibuddy/internal/query/buddy_device.gen.go:606.2,607.8 2 0
aibuddy/internal/query/buddy_device.gen.go:610.56,612.2 1 0
aibuddy/internal/query/buddy_device.gen.go:614.86,616.2 1 0
aibuddy/internal/query/buddy_device.gen.go:618.49,621.2 2 0
aibuddy/internal/query/buddy_reminder.gen.go:23.62,68.2 18 0
aibuddy/internal/query/buddy_reminder.gen.go:89.56,92.2 2 0
aibuddy/internal/query/buddy_reminder.gen.go:94.46,97.2 2 0
aibuddy/internal/query/buddy_reminder.gen.go:99.60,115.2 13 0
aibuddy/internal/query/buddy_reminder.gen.go:117.77,119.22 2 0
aibuddy/internal/query/buddy_reminder.gen.go:119.22,121.3 1 0
aibuddy/internal/query/buddy_reminder.gen.go:122.2,123.16 2 0
aibuddy/internal/query/buddy_reminder.gen.go:126.35,139.2 11 0
aibuddy/internal/query/buddy_reminder.gen.go:141.47,146.2 4 0
aibuddy/internal/query/buddy_reminder.gen.go:148.51,152.2 3 0
aibuddy/internal/query/buddy_reminder.gen.go:170.80,171.21 1 0
aibuddy/internal/query/buddy_reminder.gen.go:171.21,173.3 1 0
aibuddy/internal/query/buddy_reminder.gen.go:175.2,176.29 2 0
aibuddy/internal/query/buddy_reminder.gen.go:176.29,178.3 1 0
aibuddy/internal/query/buddy_reminder.gen.go:179.2,180.11 2 0
aibuddy/internal/query/buddy_reminder.gen.go:183.86,186.2 2 0
aibuddy/internal/query/buddy_reminder.gen.go:188.84,191.2 2 0
aibuddy/internal/query/buddy_reminder.gen.go:193.80,195.2 1 0
aibuddy/internal/query/buddy_reminder.gen.go:197.64,200.2 2 0
aibuddy/internal/query/buddy_reminder.gen.go:204.74,206.2 1 0
aibuddy/internal/query/buddy_reminder.gen.go:208.77,210.27 2 0
aibuddy/internal/query/buddy_reminder.gen.go:210.27,212.3 1 0
aibuddy/internal/query/buddy_reminder.gen.go:213.2,213.37 1 0
aibuddy/internal/query/buddy_reminder.gen.go:216.78,218.27 2 0
aibuddy/internal/query/buddy_reminder.gen.go:218.27,220.3 1 0
aibuddy/internal/query/buddy_reminder.gen.go:221.2,221.38 1 0
aibuddy/internal/query/buddy_reminder.gen.go:224.77,226.27 2 0
aibuddy/internal/query/buddy_reminder.gen.go:226.27,228.3 1 0
aibuddy/internal/query/buddy_reminder.gen.go:229.2,229.37 1 0
aibuddy/internal/query/buddy_reminder.gen.go:232.47,234.2 1 0
aibuddy/internal/query/buddy_reminder.gen.go:236.47,238.2 1 0
aibuddy/internal/query/buddy_reminder.gen.go:240.68,243.2 2 0
aibuddy/internal/query/buddy_reminder.gen.go:310.41,312.2 1 0
aibuddy/internal/query/buddy_reminder.gen.go:314.66,316.2 1 0
aibuddy/internal/query/buddy_reminder.gen.go:318.42,320.2 1 0
aibuddy/internal/query/buddy_reminder.gen.go:322.43,324.2 1 0
aibuddy/internal/query/buddy_reminder.gen.go:326.63,328.2 1 0
aibuddy/internal/query/buddy_reminder.gen.go:330.69,332.2 1 0
aibuddy/internal/query/buddy_reminder.gen.go:334.81,336.2 1 0
aibuddy/internal/query/buddy_reminder.gen.go:338.61,340.2 1 0
aibuddy/internal/query/buddy_reminder.gen.go:342.60,344.2 1 0
aibuddy/internal/query/buddy_reminder.gen.go:346.61,348.2 1 0
aibuddy/internal/query/buddy_reminder.gen.go:350.63,352.2 1 0
aibuddy/internal/query/buddy_reminder.gen.go:354.60,356.2 1 0
aibuddy/internal/query/buddy_reminder.gen.go:358.62,360.2 1 0
aibuddy/internal/query/buddy_reminder.gen.go:362.58,364.2 1 0
aibuddy/internal/query/buddy_reminder.gen.go:366.77,368.2 1 0
aibuddy/internal/query/buddy_reminder.gen.go:370.81,372.2 1 0
aibuddy/internal/query/buddy_reminder.gen.go:374.82,376.2 1 0
aibuddy/internal/query/buddy_reminder.gen.go:378.59,380.2 1 0
aibuddy/internal/query/buddy_reminder.gen.go:382.64,384.2 1 0
aibuddy/internal/query/buddy_reminder.gen.go:386.50,388.2 1 0
aibuddy/internal/query/buddy_reminder.gen.go:390.52,392.2 1 0
aibuddy/internal/query/buddy_reminder.gen.go:394.72,396.2 1 0
aibuddy/internal/query/buddy_reminder.gen.go:398.44,400.2 1 0
aibuddy/internal/query/buddy_reminder.gen.go:402.61,403.22 1 0
aibuddy/internal/query/buddy_reminder.gen.go:403.22,405.3 1 0
aibuddy/internal/query/buddy_reminder.gen.go:406.2,406.28 1 0
aibuddy/internal/query/buddy_reminder.gen.go:409.84,411.2 1 0
aibuddy/internal/query/buddy_reminder.gen.go:415.59,416.22 1 0
aibuddy/internal/query/buddy_reminder.gen.go:416.22,418.3 1 0
aibuddy/internal/query/buddy_reminder.gen.go:419.2,419.26 1 0
aibuddy/internal/query/buddy_reminder.gen.go:422.54,423.45 1 0
aibuddy/internal/query/buddy_reminder.gen.go:423.45,425.3 1 0
aibuddy/internal/query/buddy_reminder.gen.go:425.8,427.3 1 0
aibuddy/internal/query/buddy_reminder.gen.go:430.53,431.44 1 0
aibuddy/internal/query/buddy_reminder.gen.go:431.44,433.3 1 0
aibuddy/internal/query/buddy_reminder.gen.go:433.8,435.3 1 0
aibuddy/internal/query/buddy_reminder.gen.go:438.53,439.44 1 0
aibuddy/internal/query/buddy_reminder.gen.go:439.44,441.3 1 0
aibuddy/internal/query/buddy_reminder.gen.go:441.8,443.3 1 0
aibuddy/internal/query/buddy_reminder.gen.go:446.55,449.2 2 0
aibuddy/internal/query/buddy_reminder.gen.go:451.125,453.78 2 0
aibuddy/internal/query/buddy_reminder.gen.go:453.78,454.16 1 0
aibuddy/internal/query/buddy_reminder.gen.go:454.16,454.53 1 0
aibuddy/internal/query/buddy_reminder.gen.go:455.3,455.23 1 0
aibuddy/internal/query/buddy_reminder.gen.go:457.2,457.21 1 0
aibuddy/internal/query/buddy_reminder.gen.go:460.121,462.2 1 0
aibuddy/internal/query/buddy_reminder.gen.go:464.66,466.2 1 0
aibuddy/internal/query/buddy_reminder.gen.go:468.67,470.2 1 0
aibuddy/internal/query/buddy_reminder.gen.go:472.70,473.28 1 0
aibuddy/internal/query/buddy_reminder.gen.go:473.28,475.3 1 0
aibuddy/internal/query/buddy_reminder.gen.go:476.2,476.11 1 0
aibuddy/internal/query/buddy_reminder.gen.go:479.72,480.28 1 0
aibuddy/internal/query/buddy_reminder.gen.go:480.28,482.3 1 0
aibuddy/internal/query/buddy_reminder.gen.go:483.2,483.11 1 0
aibuddy/internal/query/buddy_reminder.gen.go:486.60,487.51 1 0
aibuddy/internal/query/buddy_reminder.gen.go:487.51,489.3 1 0
aibuddy/internal/query/buddy_reminder.gen.go:489.8,491.3 1 0
aibuddy/internal/query/buddy_reminder.gen.go:494.62,495.53 1 0
aibuddy/internal/query/buddy_reminder.gen.go:495.53,497.3 1 0
aibuddy/internal/query/buddy_reminder.gen.go:497.8,499.3 1 0
aibuddy/internal/query/buddy_reminder.gen.go:502.106,504.16 2 0
aibuddy/internal/query/buddy_reminder.gen.go:504.16,506.3 1 0
aibuddy/internal/query/buddy_reminder.gen.go:508.2,508.64 1 0
aibuddy/internal/query/buddy_reminder.gen.go:508.64,511.3 2 0
aibuddy/internal/query/buddy_reminder.gen.go:513.2,514.8 2 0
aibuddy/internal/query/buddy_reminder.gen.go:517.100,519.16 2 0
aibuddy/internal/query/buddy_reminder.gen.go:519.16,521.3 1 0
aibuddy/internal/query/buddy_reminder.gen.go:523.2,524.8 2 0
aibuddy/internal/query/buddy_reminder.gen.go:527.58,529.2 1 0
aibuddy/internal/query/buddy_reminder.gen.go:531.90,533.2 1 0
aibuddy/internal/query/buddy_reminder.gen.go:535.53,538.2 2 0
aibuddy/internal/query/buddy_user.gen.go:23.54,67.2 17 0
aibuddy/internal/query/buddy_user.gen.go:87.48,90.2 2 0
aibuddy/internal/query/buddy_user.gen.go:92.38,95.2 2 0
aibuddy/internal/query/buddy_user.gen.go:97.52,112.2 12 0
aibuddy/internal/query/buddy_user.gen.go:114.73,116.22 2 0
aibuddy/internal/query/buddy_user.gen.go:116.22,118.3 1 0
aibuddy/internal/query/buddy_user.gen.go:119.2,120.16 2 0
aibuddy/internal/query/buddy_user.gen.go:123.31,135.2 10 0
aibuddy/internal/query/buddy_user.gen.go:137.39,142.2 4 0
aibuddy/internal/query/buddy_user.gen.go:144.43,148.2 3 0
aibuddy/internal/query/buddy_user.gen.go:166.72,167.21 1 0
aibuddy/internal/query/buddy_user.gen.go:167.21,169.3 1 0
aibuddy/internal/query/buddy_user.gen.go:171.2,172.29 2 0
aibuddy/internal/query/buddy_user.gen.go:172.29,174.3 1 0
aibuddy/internal/query/buddy_user.gen.go:175.2,176.11 2 0
aibuddy/internal/query/buddy_user.gen.go:179.78,182.2 2 0
aibuddy/internal/query/buddy_user.gen.go:184.76,187.2 2 0
aibuddy/internal/query/buddy_user.gen.go:189.68,191.2 1 0
aibuddy/internal/query/buddy_user.gen.go:193.56,196.2 2 0
aibuddy/internal/query/buddy_user.gen.go:200.70,202.2 1 0
aibuddy/internal/query/buddy_user.gen.go:204.73,206.27 2 0
aibuddy/internal/query/buddy_user.gen.go:206.27,208.3 1 0
aibuddy/internal/query/buddy_user.gen.go:209.2,209.37 1 0
aibuddy/internal/query/buddy_user.gen.go:212.74,214.27 2 0
aibuddy/internal/query/buddy_user.gen.go:214.27,216.3 1 0
aibuddy/internal/query/buddy_user.gen.go:217.2,217.38 1 0
aibuddy/internal/query/buddy_user.gen.go:220.73,222.27 2 0
aibuddy/internal/query/buddy_user.gen.go:222.27,224.3 1 0
aibuddy/internal/query/buddy_user.gen.go:225.2,225.37 1 0
aibuddy/internal/query/buddy_user.gen.go:228.43,230.2 1 0
aibuddy/internal/query/buddy_user.gen.go:232.43,234.2 1 0
aibuddy/internal/query/buddy_user.gen.go:236.60,239.2 2 0
aibuddy/internal/query/buddy_user.gen.go:306.33,308.2 1 0
aibuddy/internal/query/buddy_user.gen.go:310.58,312.2 1 0
aibuddy/internal/query/buddy_user.gen.go:314.34,316.2 1 0
aibuddy/internal/query/buddy_user.gen.go:318.35,320.2 1 0
aibuddy/internal/query/buddy_user.gen.go:322.55,324.2 1 0
aibuddy/internal/query/buddy_user.gen.go:326.61,328.2 1 0
aibuddy/internal/query/buddy_user.gen.go:330.73,332.2 1 0
aibuddy/internal/query/buddy_user.gen.go:334.53,336.2 1 0
aibuddy/internal/query/buddy_user.gen.go:338.52,340.2 1 0
aibuddy/internal/query/buddy_user.gen.go:342.53,344.2 1 0
aibuddy/internal/query/buddy_user.gen.go:346.55,348.2 1 0
aibuddy/internal/query/buddy_user.gen.go:350.52,352.2 1 0
aibuddy/internal/query/buddy_user.gen.go:354.54,356.2 1 0
aibuddy/internal/query/buddy_user.gen.go:358.50,360.2 1 0
aibuddy/internal/query/buddy_user.gen.go:362.69,364.2 1 0
aibuddy/internal/query/buddy_user.gen.go:366.73,368.2 1 0
aibuddy/internal/query/buddy_user.gen.go:370.74,372.2 1 0
aibuddy/internal/query/buddy_user.gen.go:374.51,376.2 1 0
aibuddy/internal/query/buddy_user.gen.go:378.56,380.2 1 0
aibuddy/internal/query/buddy_user.gen.go:382.42,384.2 1 0
aibuddy/internal/query/buddy_user.gen.go:386.44,388.2 1 0
aibuddy/internal/query/buddy_user.gen.go:390.64,392.2 1 0
aibuddy/internal/query/buddy_user.gen.go:394.36,396.2 1 0
aibuddy/internal/query/buddy_user.gen.go:398.53,399.22 1 0
aibuddy/internal/query/buddy_user.gen.go:399.22,401.3 1 0
aibuddy/internal/query/buddy_user.gen.go:402.2,402.28 1 0
aibuddy/internal/query/buddy_user.gen.go:405.76,407.2 1 0
aibuddy/internal/query/buddy_user.gen.go:411.51,412.22 1 0
aibuddy/internal/query/buddy_user.gen.go:412.22,414.3 1 0
aibuddy/internal/query/buddy_user.gen.go:415.2,415.26 1 0
aibuddy/internal/query/buddy_user.gen.go:418.46,419.45 1 0
aibuddy/internal/query/buddy_user.gen.go:419.45,421.3 1 0
aibuddy/internal/query/buddy_user.gen.go:421.8,423.3 1 0
aibuddy/internal/query/buddy_user.gen.go:426.45,427.44 1 0
aibuddy/internal/query/buddy_user.gen.go:427.44,429.3 1 0
aibuddy/internal/query/buddy_user.gen.go:429.8,431.3 1 0
aibuddy/internal/query/buddy_user.gen.go:434.45,435.44 1 0
aibuddy/internal/query/buddy_user.gen.go:435.44,437.3 1 0
aibuddy/internal/query/buddy_user.gen.go:437.8,439.3 1 0
aibuddy/internal/query/buddy_user.gen.go:442.47,445.2 2 0
aibuddy/internal/query/buddy_user.gen.go:447.117,449.78 2 0
aibuddy/internal/query/buddy_user.gen.go:449.78,450.16 1 0
aibuddy/internal/query/buddy_user.gen.go:450.16,450.53 1 0
aibuddy/internal/query/buddy_user.gen.go:451.3,451.23 1 0
aibuddy/internal/query/buddy_user.gen.go:453.2,453.21 1 0
aibuddy/internal/query/buddy_user.gen.go:456.113,458.2 1 0
aibuddy/internal/query/buddy_user.gen.go:460.58,462.2 1 0
aibuddy/internal/query/buddy_user.gen.go:464.59,466.2 1 0
aibuddy/internal/query/buddy_user.gen.go:468.62,469.28 1 0
aibuddy/internal/query/buddy_user.gen.go:469.28,471.3 1 0
aibuddy/internal/query/buddy_user.gen.go:472.2,472.11 1 0
aibuddy/internal/query/buddy_user.gen.go:475.64,476.28 1 0
aibuddy/internal/query/buddy_user.gen.go:476.28,478.3 1 0
aibuddy/internal/query/buddy_user.gen.go:479.2,479.11 1 0
aibuddy/internal/query/buddy_user.gen.go:482.52,483.51 1 0
aibuddy/internal/query/buddy_user.gen.go:483.51,485.3 1 0
aibuddy/internal/query/buddy_user.gen.go:485.8,487.3 1 0
aibuddy/internal/query/buddy_user.gen.go:490.54,491.53 1 0
aibuddy/internal/query/buddy_user.gen.go:491.53,493.3 1 0
aibuddy/internal/query/buddy_user.gen.go:493.8,495.3 1 0
aibuddy/internal/query/buddy_user.gen.go:498.98,500.16 2 0
aibuddy/internal/query/buddy_user.gen.go:500.16,502.3 1 0
aibuddy/internal/query/buddy_user.gen.go:504.2,504.64 1 0
aibuddy/internal/query/buddy_user.gen.go:504.64,507.3 2 0
aibuddy/internal/query/buddy_user.gen.go:509.2,510.8 2 0
aibuddy/internal/query/buddy_user.gen.go:513.96,515.16 2 0
aibuddy/internal/query/buddy_user.gen.go:515.16,517.3 1 0
aibuddy/internal/query/buddy_user.gen.go:519.2,520.8 2 0
aibuddy/internal/query/buddy_user.gen.go:523.54,525.2 1 0
aibuddy/internal/query/buddy_user.gen.go:527.82,529.2 1 0
aibuddy/internal/query/buddy_user.gen.go:531.45,534.2 2 0
aibuddy/internal/query/gen.go:26.52,32.2 5 0
aibuddy/internal/query/gen.go:34.52,42.2 1 0
aibuddy/internal/query/gen.go:53.34,53.56 1 0
aibuddy/internal/query/gen.go:55.43,63.2 1 0
aibuddy/internal/query/gen.go:65.33,67.2 1 0
aibuddy/internal/query/gen.go:69.34,71.2 1 0
aibuddy/internal/query/gen.go:73.47,81.2 1 0
aibuddy/internal/query/gen.go:90.60,97.2 1 0
aibuddy/internal/query/gen.go:99.85,100.50 1 0
aibuddy/internal/query/gen.go:100.50,100.76 1 0
aibuddy/internal/query/gen.go:103.56,106.2 2 0
aibuddy/internal/query/gen.go:113.34,115.2 1 0
aibuddy/internal/query/gen.go:117.36,119.2 1 0
aibuddy/internal/query/gen.go:121.48,123.2 1 0
aibuddy/internal/query/gen.go:125.49,127.2 1 0
aibuddy/pkg/ahttp/base.go:29.51,34.2 1 0
aibuddy/pkg/ahttp/base.go:37.82,39.2 1 0
aibuddy/pkg/ahttp/base.go:42.83,44.2 1 0
aibuddy/pkg/ahttp/base.go:47.82,49.2 1 0
aibuddy/pkg/ahttp/base.go:52.84,54.2 1 0
aibuddy/pkg/ahttp/base.go:57.86,59.2 1 0
aibuddy/pkg/ahttp/base.go:62.83,64.2 1 0
aibuddy/pkg/ahttp/base.go:67.85,69.2 1 0
aibuddy/pkg/ahttp/base.go:73.90,75.41 2 0
aibuddy/pkg/ahttp/base.go:75.41,76.46 1 0
aibuddy/pkg/ahttp/base.go:78.2,79.29 2 0
aibuddy/pkg/ahttp/base.go:79.29,80.52 1 0
aibuddy/pkg/ahttp/base.go:82.2,82.51 1 0
aibuddy/pkg/ahttp/base.go:82.51,83.54 1 0
aibuddy/pkg/ahttp/base.go:86.2,86.93 1 0
aibuddy/pkg/ahttp/base.go:86.93,87.48 1 0
aibuddy/pkg/ahttp/base.go:90.2,92.56 2 0
aibuddy/pkg/ahttp/base.go:92.56,93.23 1 0
aibuddy/pkg/ahttp/base.go:93.23,95.4 1 0
aibuddy/pkg/ahttp/base.go:96.3,97.36 2 0
aibuddy/pkg/ahttp/base.go:97.36,99.4 1 0
aibuddy/pkg/ahttp/base.go:101.3,103.47 2 0
aibuddy/pkg/ahttp/base.go:103.47,108.4 1 0
aibuddy/pkg/ahttp/base.go:110.3,110.71 1 0
aibuddy/pkg/ahttp/base.go:110.71,112.4 1 0
aibuddy/pkg/ahttp/base.go:114.3,114.58 1 0
aibuddy/pkg/ahttp/base.go:119.96,120.24 1 0
aibuddy/pkg/ahttp/base.go:120.24,121.51 1 0
aibuddy/pkg/ahttp/base.go:121.51,122.59 1 0
aibuddy/pkg/ahttp/base.go:122.59,133.5 6 0
aibuddy/pkg/ahttp/base.go:135.4,137.60 1 0
aibuddy/pkg/ahttp/base.go:140.2,140.12 1 0
aibuddy/pkg/ahttp/base.go:144.100,153.23 3 0
aibuddy/pkg/ahttp/base.go:153.23,155.3 1 0
aibuddy/pkg/ahttp/base.go:156.2,157.20 2 0
aibuddy/pkg/ahttp/base.go:157.20,159.3 1 0
aibuddy/pkg/ahttp/base.go:160.2,160.73 1 0
aibuddy/pkg/ahttp/base.go:160.73,162.3 1 0
aibuddy/pkg/ahttp/base.go:164.2,164.12 1 0
aibuddy/pkg/ahttp/base.go:178.43,180.31 2 0
aibuddy/pkg/ahttp/base.go:180.31,182.3 1 0
aibuddy/pkg/ahttp/base.go:183.2,183.33 1 0
aibuddy/pkg/ahttp/base.go:187.51,189.16 2 0
aibuddy/pkg/ahttp/base.go:189.16,191.3 1 0
aibuddy/pkg/ahttp/base.go:192.2,192.65 1 0
aibuddy/pkg/ahttp/base.go:192.65,196.3 1 0
aibuddy/pkg/ahttp/base.go:198.2,198.12 1 0
aibuddy/pkg/ahttp/base.go:201.117,202.38 1 0
aibuddy/pkg/ahttp/base.go:202.38,204.3 1 0
aibuddy/pkg/ahttp/base.go:206.2,210.9 4 0
aibuddy/pkg/ahttp/base.go:210.9,212.3 1 0
aibuddy/pkg/ahttp/base.go:213.2,213.9 1 0
aibuddy/pkg/ahttp/base.go:213.9,215.3 1 0
aibuddy/pkg/ahttp/base.go:216.2,216.9 1 0
aibuddy/pkg/ahttp/base.go:216.9,218.3 1 0
aibuddy/pkg/ahttp/base.go:219.2,219.9 1 0
aibuddy/pkg/ahttp/base.go:219.9,221.3 1 0
aibuddy/pkg/ahttp/base.go:222.2,222.9 1 0
aibuddy/pkg/ahttp/base.go:222.9,224.3 1 0
aibuddy/pkg/ahttp/base.go:226.2,226.9 1 0
aibuddy/pkg/ahttp/base.go:226.9,228.3 1 0
aibuddy/pkg/ahttp/base.go:231.2,234.29 3 0
aibuddy/pkg/ahttp/base.go:234.29,235.41 1 0
aibuddy/pkg/ahttp/base.go:235.41,237.9 2 0
aibuddy/pkg/ahttp/base.go:241.2,241.33 1 0
aibuddy/pkg/ahttp/response.go:18.46,25.2 1 0
aibuddy/pkg/ahttp/response.go:28.52,31.2 2 0
aibuddy/pkg/ahttp/response.go:34.57,37.2 2 0
aibuddy/pkg/ahttp/response.go:40.48,43.2 2 0
aibuddy/pkg/ahttp/response.go:46.47,47.32 1 0
aibuddy/pkg/ahttp/response.go:47.32,49.3 1 0
aibuddy/pkg/ahttp/response.go:51.2,51.19 1 0
aibuddy/pkg/ahttp/response.go:51.19,53.3 1 0
aibuddy/pkg/ahttp/response.go:54.2,54.21 1 0
aibuddy/pkg/ahttp/response.go:54.21,56.3 1 0
aibuddy/pkg/ahttp/response.go:57.2,57.19 1 0
aibuddy/pkg/ahttp/response.go:57.19,59.3 1 0
aibuddy/pkg/ahttp/response.go:60.2,60.37 1 0
aibuddy/pkg/ahttp/response.go:64.38,65.32 1 0
aibuddy/pkg/ahttp/response.go:65.32,67.3 1 0
aibuddy/pkg/ahttp/response.go:68.2,68.19 1 0
aibuddy/pkg/ahttp/response.go:68.19,70.3 1 0
aibuddy/pkg/ahttp/response.go:71.2,71.21 1 0
aibuddy/pkg/ahttp/response.go:71.21,73.3 1 0
aibuddy/pkg/ahttp/response.go:74.2,76.37 3 0
aibuddy/pkg/ahttp/response.go:80.44,81.32 1 0
aibuddy/pkg/ahttp/response.go:81.32,83.3 1 0
aibuddy/pkg/ahttp/response.go:84.2,84.19 1 0
aibuddy/pkg/ahttp/response.go:84.19,86.3 1 0
aibuddy/pkg/ahttp/response.go:87.2,88.37 2 0
aibuddy/pkg/buddyerror/error.go:32.49,34.2 1 0
aibuddy/pkg/config/config.go:95.36,104.36 4 1
aibuddy/pkg/config/config.go:104.36,106.3 1 0
aibuddy/pkg/config/config.go:109.2,110.16 2 1
aibuddy/pkg/config/config.go:110.16,112.3 1 0
aibuddy/pkg/config/config.go:114.2,122.16 7 1
aibuddy/pkg/config/config.go:122.16,124.3 1 0
aibuddy/pkg/config/config.go:124.8,126.3 1 1
aibuddy/pkg/config/config.go:128.2,128.57 1 1
aibuddy/pkg/config/config.go:128.57,131.46 3 1
aibuddy/pkg/config/config.go:131.46,133.4 1 1
aibuddy/pkg/config/config.go:133.9,135.4 1 1
aibuddy/pkg/config/config.go:138.2,141.16 3 1
aibuddy/pkg/config/config.go:141.16,143.13 2 0
aibuddy/pkg/config/config.go:145.2,147.12 2 1
aibuddy/pkg/config/config.go:151.31,153.42 1 1
aibuddy/pkg/config/config.go:153.42,155.3 1 0
aibuddy/pkg/config/config.go:158.2,158.42 1 1
aibuddy/pkg/config/config.go:158.42,160.3 1 0
aibuddy/pkg/config/config.go:163.2,163.45 1 1
aibuddy/pkg/config/config.go:163.45,165.3 1 1
aibuddy/pkg/config/config.go:167.2,167.28 1 0
aibuddy/pkg/config/config.go:170.30,171.64 1 1
aibuddy/pkg/config/config.go:171.64,172.30 1 0
aibuddy/pkg/config/config.go:172.30,174.4 1 0
aibuddy/pkg/config/config.go:175.3,175.52 1 0
aibuddy/pkg/config/config.go:175.52,177.4 1 0
aibuddy/pkg/config/config.go:178.3,178.17 1 0
aibuddy/pkg/config/config.go:180.2,180.11 1 1
aibuddy/pkg/config/config.go:183.30,184.45 1 1
aibuddy/pkg/config/config.go:184.45,187.3 2 1
aibuddy/pkg/config/config.go:188.2,188.11 1 0
aibuddy/pkg/config/config.go:191.33,193.9 2 1
aibuddy/pkg/config/config.go:193.9,195.3 1 0
aibuddy/pkg/config/config.go:197.2,198.6 2 1
aibuddy/pkg/config/config.go:198.6,200.47 2 1
aibuddy/pkg/config/config.go:200.47,202.49 2 1
aibuddy/pkg/config/config.go:202.49,204.5 1 1
aibuddy/pkg/config/config.go:205.4,205.9 1 0
aibuddy/pkg/config/config.go:207.3,208.20 2 1
aibuddy/pkg/config/config.go:208.20,209.9 1 0
aibuddy/pkg/config/config.go:211.3,211.15 1 1
aibuddy/pkg/config/config.go:213.2,213.11 1 0
aibuddy/pkg/config/config.go:216.40,218.47 2 1
aibuddy/pkg/config/config.go:218.47,220.3 1 0
aibuddy/pkg/config/config.go:221.2,222.47 2 1
aibuddy/pkg/config/config.go:222.47,224.3 1 0
aibuddy/pkg/config/config.go:225.2,225.11 1 1
aibuddy/pkg/config/config.go:228.33,230.16 2 0
aibuddy/pkg/config/config.go:230.16,232.3 1 0
aibuddy/pkg/config/config.go:233.2,233.12 1 0
aibuddy/pkg/log/log.go:30.38,38.2 1 0
aibuddy/pkg/log/log.go:41.62,46.2 1 0
aibuddy/pkg/log/log.go:49.46,53.2 1 0
aibuddy/pkg/log/log.go:56.26,59.25 2 0
aibuddy/pkg/log/log.go:59.25,68.3 2 0
aibuddy/pkg/log/log.go:70.2,70.21 1 0
aibuddy/pkg/log/log.go:70.21,72.3 1 0
aibuddy/pkg/log/log.go:74.2,77.57 1 0
aibuddy/pkg/log/log.go:77.57,78.47 1 0
aibuddy/pkg/log/log.go:78.47,80.6 1 0
aibuddy/pkg/log/log.go:82.5,82.13 1 0
aibuddy/pkg/log/log.go:88.40,91.16 3 0
aibuddy/pkg/log/log.go:91.16,94.3 2 0
aibuddy/pkg/log/log.go:95.2,95.14 1 0
aibuddy/pkg/schedule/schedule.go:42.53,43.27 1 0
aibuddy/pkg/schedule/schedule.go:43.27,45.3 1 0
aibuddy/pkg/schedule/schedule.go:46.2,73.22 12 0
aibuddy/pkg/schedule/schedule.go:77.37,82.27 4 0
aibuddy/pkg/schedule/schedule.go:82.27,84.3 1 0
aibuddy/pkg/schedule/schedule.go:85.2,85.29 1 0
aibuddy/pkg/schedule/schedule.go:85.29,87.3 1 0
aibuddy/pkg/schedule/schedule.go:88.2,88.30 1 0
aibuddy/pkg/schedule/schedule.go:88.30,90.3 1 0
aibuddy/pkg/schedule/schedule.go:92.2,92.40 1 0
aibuddy/pkg/schedule/schedule.go:92.40,94.3 1 0
aibuddy/pkg/schedule/schedule.go:96.2,96.12 1 0
aibuddy/pkg/schedule/schedule.go:100.37,104.21 3 0
aibuddy/pkg/schedule/schedule.go:104.21,105.16 1 0
aibuddy/pkg/schedule/schedule.go:105.16,107.4 1 0
aibuddy/pkg/schedule/schedule.go:109.3,109.10 1 0
aibuddy/pkg/schedule/schedule.go:109.10,110.17 1 0
aibuddy/pkg/schedule/schedule.go:110.17,112.5 1 0
aibuddy/pkg/schedule/schedule.go:113.4,113.19 1 0
aibuddy/pkg/schedule/schedule.go:116.2,116.22 1 0
[...]
aibuddy/internal/query/buddy_reminder.gen.go:213.2,213.37 1 0
aibuddy/internal/query/buddy_reminder.gen.go:216.78,218.27 2 0
aibuddy/internal/query/buddy_reminder.gen.go:218.27,220.3 1 0
aibuddy/internal/query/buddy_reminder.gen.go:221.2,221.38 1 0
aibuddy/internal/query/buddy_reminder.gen.go:224.77,226.27 2 0
aibuddy/internal/query/buddy_reminder.gen.go:226.27,228.3 1 0
aibuddy/internal/query/buddy_reminder.gen.go:229.2,229.37 1 0
aibuddy/internal/query/buddy_reminder.gen.go:232.47,234.2 1 0
aibuddy/internal/query/buddy_reminder.gen.go:236.47,238.2 1 0
aibuddy/internal/query/buddy_reminder.gen.go:240.68,243.2 2 0
aibuddy/internal/query/buddy_reminder.gen.go:310.41,312.2 1 0
aibuddy/internal/query/buddy_reminder.gen.go:314.66,316.2 1 0
aibuddy/internal/query/buddy_reminder.gen.go:318.42,320.2 1 0
aibuddy/internal/query/buddy_reminder.gen.go:322.43,324.2 1 0
aibuddy/internal/query/buddy_reminder.gen.go:326.63,328.2 1 0
aibuddy/internal/query/buddy_reminder.gen.go:330.69,332.2 1 0
aibuddy/internal/query/buddy_reminder.gen.go:334.81,336.2 1 0
aibuddy/internal/query/buddy_reminder.gen.go:338.61,340.2 1 0
aibuddy/internal/query/buddy_reminder.gen.go:342.60,344.2 1 0
aibuddy/internal/query/buddy_reminder.gen.go:346.61,348.2 1 0
aibuddy/internal/query/buddy_reminder.gen.go:350.63,352.2 1 0
aibuddy/internal/query/buddy_reminder.gen.go:354.60,356.2 1 0
aibuddy/internal/query/buddy_reminder.gen.go:358.62,360.2 1 0
aibuddy/internal/query/buddy_reminder.gen.go:362.58,364.2 1 0
aibuddy/internal/query/buddy_reminder.gen.go:366.77,368.2 1 0
aibuddy/internal/query/buddy_reminder.gen.go:370.81,372.2 1 0
aibuddy/internal/query/buddy_reminder.gen.go:374.82,376.2 1 0
aibuddy/internal/query/buddy_reminder.gen.go:378.59,380.2 1 0
aibuddy/internal/query/buddy_reminder.gen.go:382.64,384.2 1 0
aibuddy/internal/query/buddy_reminder.gen.go:386.50,388.2 1 0
aibuddy/internal/query/buddy_reminder.gen.go:390.52,392.2 1 0
aibuddy/internal/query/buddy_reminder.gen.go:394.72,396.2 1 0
aibuddy/internal/query/buddy_reminder.gen.go:398.44,400.2 1 0
aibuddy/internal/query/buddy_reminder.gen.go:402.61,403.22 1 0
aibuddy/internal/query/buddy_reminder.gen.go:403.22,405.3 1 0
aibuddy/internal/query/buddy_reminder.gen.go:406.2,406.28 1 0
aibuddy/internal/query/buddy_reminder.gen.go:409.84,411.2 1 0
aibuddy/internal/query/buddy_reminder.gen.go:415.59,416.22 1 0
aibuddy/internal/query/buddy_reminder.gen.go:416.22,418.3 1 0
aibuddy/internal/query/buddy_reminder.gen.go:419.2,419.26 1 0
aibuddy/internal/query/buddy_reminder.gen.go:422.54,423.45 1 0
aibuddy/internal/query/buddy_reminder.gen.go:423.45,425.3 1 0
aibuddy/internal/query/buddy_reminder.gen.go:425.8,427.3 1 0
aibuddy/internal/query/buddy_reminder.gen.go:430.53,431.44 1 0
aibuddy/internal/query/buddy_reminder.gen.go:431.44,433.3 1 0
aibuddy/internal/query/buddy_reminder.gen.go:433.8,435.3 1 0
aibuddy/internal/query/buddy_reminder.gen.go:438.53,439.44 1 0
aibuddy/internal/query/buddy_reminder.gen.go:439.44,441.3 1 0
aibuddy/internal/query/buddy_reminder.gen.go:441.8,443.3 1 0
aibuddy/internal/query/buddy_reminder.gen.go:446.55,449.2 2 0
aibuddy/internal/query/buddy_reminder.gen.go:451.125,453.78 2 0
aibuddy/internal/query/buddy_reminder.gen.go:453.78,454.16 1 0
aibuddy/internal/query/buddy_reminder.gen.go:454.16,454.53 1 0
aibuddy/internal/query/buddy_reminder.gen.go:455.3,455.23 1 0
aibuddy/internal/query/buddy_reminder.gen.go:457.2,457.21 1 0
aibuddy/internal/query/buddy_reminder.gen.go:460.121,462.2 1 0
aibuddy/internal/query/buddy_reminder.gen.go:464.66,466.2 1 0
aibuddy/internal/query/buddy_reminder.gen.go:468.67,470.2 1 0
aibuddy/internal/query/buddy_reminder.gen.go:472.70,473.28 1 0
aibuddy/internal/query/buddy_reminder.gen.go:473.28,475.3 1 0
aibuddy/internal/query/buddy_reminder.gen.go:476.2,476.11 1 0
aibuddy/internal/query/buddy_reminder.gen.go:479.72,480.28 1 0
aibuddy/internal/query/buddy_reminder.gen.go:480.28,482.3 1 0
aibuddy/internal/query/buddy_reminder.gen.go:483.2,483.11 1 0
aibuddy/internal/query/buddy_reminder.gen.go:486.60,487.51 1 0
aibuddy/internal/query/buddy_reminder.gen.go:487.51,489.3 1 0
aibuddy/internal/query/buddy_reminder.gen.go:489.8,491.3 1 0
aibuddy/internal/query/buddy_reminder.gen.go:494.62,495.53 1 0
aibuddy/internal/query/buddy_reminder.gen.go:495.53,497.3 1 0
aibuddy/internal/query/buddy_reminder.gen.go:497.8,499.3 1 0
aibuddy/internal/query/buddy_reminder.gen.go:502.106,504.16 2 0
aibuddy/internal/query/buddy_reminder.gen.go:504.16,506.3 1 0
aibuddy/internal/query/buddy_reminder.gen.go:508.2,508.64 1 0
aibuddy/internal/query/buddy_reminder.gen.go:508.64,511.3 2 0
aibuddy/internal/query/buddy_reminder.gen.go:513.2,514.8 2 0
aibuddy/internal/query/buddy_reminder.gen.go:517.100,519.16 2 0
aibuddy/internal/query/buddy_reminder.gen.go:519.16,521.3 1 0
aibuddy/internal/query/buddy_reminder.gen.go:523.2,524.8 2 0
aibuddy/internal/query/buddy_reminder.gen.go:527.58,529.2 1 0
aibuddy/internal/query/buddy_reminder.gen.go:531.90,533.2 1 0
aibuddy/internal/query/buddy_reminder.gen.go:535.53,538.2 2 0
aibuddy/internal/query/buddy_user.gen.go:23.54,67.2 17 0
aibuddy/internal/query/buddy_user.gen.go:87.48,90.2 2 0
aibuddy/internal/query/buddy_user.gen.go:92.38,95.2 2 0
aibuddy/internal/query/buddy_user.gen.go:97.52,112.2 12 0
aibuddy/internal/query/buddy_user.gen.go:114.73,116.22 2 0
aibuddy/internal/query/buddy_user.gen.go:116.22,118.3 1 0
aibuddy/internal/query/buddy_user.gen.go:119.2,120.16 2 0
aibuddy/internal/query/buddy_user.gen.go:123.31,135.2 10 0
aibuddy/internal/query/buddy_user.gen.go:137.39,142.2 4 0
aibuddy/internal/query/buddy_user.gen.go:144.43,148.2 3 0
aibuddy/internal/query/buddy_user.gen.go:166.72,167.21 1 0
aibuddy/internal/query/buddy_user.gen.go:167.21,169.3 1 0
aibuddy/internal/query/buddy_user.gen.go:171.2,172.29 2 0
aibuddy/internal/query/buddy_user.gen.go:172.29,174.3 1 0
aibuddy/internal/query/buddy_user.gen.go:175.2,176.11 2 0
aibuddy/internal/query/buddy_user.gen.go:179.78,182.2 2 0
aibuddy/internal/query/buddy_user.gen.go:184.76,187.2 2 0
aibuddy/internal/query/buddy_user.gen.go:189.68,191.2 1 0
aibuddy/internal/query/buddy_user.gen.go:193.56,196.2 2 0
aibuddy/internal/query/buddy_user.gen.go:200.70,202.2 1 0
aibuddy/internal/query/buddy_user.gen.go:204.73,206.27 2 0
aibuddy/internal/query/buddy_user.gen.go:206.27,208.3 1 0
aibuddy/internal/query/buddy_user.gen.go:209.2,209.37 1 0
aibuddy/internal/query/buddy_user.gen.go:212.74,214.27 2 0
aibuddy/internal/query/buddy_user.gen.go:214.27,216.3 1 0
aibuddy/internal/query/buddy_user.gen.go:217.2,217.38 1 0
aibuddy/internal/query/buddy_user.gen.go:220.73,222.27 2 0
aibuddy/internal/query/buddy_user.gen.go:222.27,224.3 1 0
aibuddy/internal/query/buddy_user.gen.go:225.2,225.37 1 0
aibuddy/internal/query/buddy_user.gen.go:228.43,230.2 1 0
aibuddy/internal/query/buddy_user.gen.go:232.43,234.2 1 0
aibuddy/internal/query/buddy_user.gen.go:236.60,239.2 2 0
aibuddy/internal/query/buddy_user.gen.go:306.33,308.2 1 0
aibuddy/internal/query/buddy_user.gen.go:310.58,312.2 1 0
aibuddy/internal/query/buddy_user.gen.go:314.34,316.2 1 0
aibuddy/internal/query/buddy_user.gen.go:318.35,320.2 1 0
aibuddy/internal/query/buddy_user.gen.go:322.55,324.2 1 0
aibuddy/internal/query/buddy_user.gen.go:326.61,328.2 1 0
aibuddy/internal/query/buddy_user.gen.go:330.73,332.2 1 0
aibuddy/internal/query/buddy_user.gen.go:334.53,336.2 1 0
aibuddy/internal/query/buddy_user.gen.go:338.52,340.2 1 0
aibuddy/internal/query/buddy_user.gen.go:342.53,344.2 1 0
aibuddy/internal/query/buddy_user.gen.go:346.55,348.2 1 0
aibuddy/internal/query/buddy_user.gen.go:350.52,352.2 1 0
aibuddy/internal/query/buddy_user.gen.go:354.54,356.2 1 0
aibuddy/internal/query/buddy_user.gen.go:358.50,360.2 1 0
aibuddy/internal/query/buddy_user.gen.go:362.69,364.2 1 0
aibuddy/internal/query/buddy_user.gen.go:366.73,368.2 1 0
aibuddy/internal/query/buddy_user.gen.go:370.74,372.2 1 0
aibuddy/internal/query/buddy_user.gen.go:374.51,376.2 1 0
aibuddy/internal/query/buddy_user.gen.go:378.56,380.2 1 0
aibuddy/internal/query/buddy_user.gen.go:382.42,384.2 1 0
aibuddy/internal/query/buddy_user.gen.go:386.44,388.2 1 0
aibuddy/internal/query/buddy_user.gen.go:390.64,392.2 1 0
aibuddy/internal/query/buddy_user.gen.go:394.36,396.2 1 0
aibuddy/internal/query/buddy_user.gen.go:398.53,399.22 1 0
aibuddy/internal/query/buddy_user.gen.go:399.22,401.3 1 0
aibuddy/internal/query/buddy_user.gen.go:402.2,402.28 1 0
aibuddy/internal/query/buddy_user.gen.go:405.76,407.2 1 0
aibuddy/internal/query/buddy_user.gen.go:411.51,412.22 1 0
aibuddy/internal/query/buddy_user.gen.go:412.22,414.3 1 0
aibuddy/internal/query/buddy_user.gen.go:415.2,415.26 1 0
aibuddy/internal/query/buddy_user.gen.go:418.46,419.45 1 0
aibuddy/internal/query/buddy_user.gen.go:419.45,421.3 1 0
aibuddy/internal/query/buddy_user.gen.go:421.8,423.3 1 0
aibuddy/internal/query/buddy_user.gen.go:426.45,427.44 1 0
aibuddy/internal/query/buddy_user.gen.go:427.44,429.3 1 0
aibuddy/internal/query/buddy_user.gen.go:429.8,431.3 1 0
aibuddy/internal/query/buddy_user.gen.go:434.45,435.44 1 0
aibuddy/internal/query/buddy_user.gen.go:435.44,437.3 1 0
aibuddy/internal/query/buddy_user.gen.go:437.8,439.3 1 0
aibuddy/internal/query/buddy_user.gen.go:442.47,445.2 2 0
aibuddy/internal/query/buddy_user.gen.go:447.117,449.78 2 0
aibuddy/internal/query/buddy_user.gen.go:449.78,450.16 1 0
aibuddy/internal/query/buddy_user.gen.go:450.16,450.53 1 0
aibuddy/internal/query/buddy_user.gen.go:451.3,451.23 1 0
aibuddy/internal/query/buddy_user.gen.go:453.2,453.21 1 0
aibuddy/internal/query/buddy_user.gen.go:456.113,458.2 1 0
aibuddy/internal/query/buddy_user.gen.go:460.58,462.2 1 0
aibuddy/internal/query/buddy_user.gen.go:464.59,466.2 1 0
aibuddy/internal/query/buddy_user.gen.go:468.62,469.28 1 0
aibuddy/internal/query/buddy_user.gen.go:469.28,471.3 1 0
aibuddy/internal/query/buddy_user.gen.go:472.2,472.11 1 0
aibuddy/internal/query/buddy_user.gen.go:475.64,476.28 1 0
aibuddy/internal/query/buddy_user.gen.go:476.28,478.3 1 0
aibuddy/internal/query/buddy_user.gen.go:479.2,479.11 1 0
aibuddy/internal/query/buddy_user.gen.go:482.52,483.51 1 0
aibuddy/internal/query/buddy_user.gen.go:483.51,485.3 1 0
aibuddy/internal/query/buddy_user.gen.go:485.8,487.3 1 0
aibuddy/internal/query/buddy_user.gen.go:490.54,491.53 1 0
aibuddy/internal/query/buddy_user.gen.go:491.53,493.3 1 0
aibuddy/internal/query/buddy_user.gen.go:493.8,495.3 1 0
aibuddy/internal/query/buddy_user.gen.go:498.98,500.16 2 0
aibuddy/internal/query/buddy_user.gen.go:500.16,502.3 1 0
aibuddy/internal/query/buddy_user.gen.go:504.2,504.64 1 0
aibuddy/internal/query/buddy_user.gen.go:504.64,507.3 2 0
aibuddy/internal/query/buddy_user.gen.go:509.2,510.8 2 0
aibuddy/internal/query/buddy_user.gen.go:513.96,515.16 2 0
aibuddy/internal/query/buddy_user.gen.go:515.16,517.3 1 0
aibuddy/internal/query/buddy_user.gen.go:519.2,520.8 2 0
aibuddy/internal/query/buddy_user.gen.go:523.54,525.2 1 0
aibuddy/internal/query/buddy_user.gen.go:527.82,529.2 1 0
aibuddy/internal/query/buddy_user.gen.go:531.45,534.2 2 0
aibuddy/internal/query/gen.go:26.52,32.2 5 0
aibuddy/internal/query/gen.go:34.52,42.2 1 0
aibuddy/internal/query/gen.go:53.34,53.56 1 0
aibuddy/internal/query/gen.go:55.43,63.2 1 0
aibuddy/internal/query/gen.go:65.33,67.2 1 0
aibuddy/internal/query/gen.go:69.34,71.2 1 0
aibuddy/internal/query/gen.go:73.47,81.2 1 0
aibuddy/internal/query/gen.go:90.60,97.2 1 0
aibuddy/internal/query/gen.go:99.85,100.50 1 0
aibuddy/internal/query/gen.go:100.50,100.76 1 0
aibuddy/internal/query/gen.go:103.56,106.2 2 0
aibuddy/internal/query/gen.go:113.34,115.2 1 0
aibuddy/internal/query/gen.go:117.36,119.2 1 0
aibuddy/internal/query/gen.go:121.48,123.2 1 0
aibuddy/internal/query/gen.go:125.49,127.2 1 0
aibuddy/pkg/ahttp/base.go:29.51,34.2 1 0
aibuddy/pkg/ahttp/base.go:37.82,39.2 1 0
aibuddy/pkg/ahttp/base.go:42.83,44.2 1 0
aibuddy/pkg/ahttp/base.go:47.82,49.2 1 0
aibuddy/pkg/ahttp/base.go:52.84,54.2 1 0
aibuddy/pkg/ahttp/base.go:57.86,59.2 1 0
aibuddy/pkg/ahttp/base.go:62.83,64.2 1 0
aibuddy/pkg/ahttp/base.go:67.85,69.2 1 0
aibuddy/pkg/ahttp/base.go:73.90,75.41 2 0
aibuddy/pkg/ahttp/base.go:75.41,76.46 1 0
aibuddy/pkg/ahttp/base.go:78.2,79.29 2 0
aibuddy/pkg/ahttp/base.go:79.29,80.52 1 0
aibuddy/pkg/ahttp/base.go:82.2,82.51 1 0
aibuddy/pkg/ahttp/base.go:82.51,83.54 1 0
aibuddy/pkg/ahttp/base.go:86.2,86.93 1 0
aibuddy/pkg/ahttp/base.go:86.93,87.48 1 0
aibuddy/pkg/ahttp/base.go:90.2,92.56 2 0
aibuddy/pkg/ahttp/base.go:92.56,93.23 1 0
aibuddy/pkg/ahttp/base.go:93.23,95.4 1 0
aibuddy/pkg/ahttp/base.go:96.3,97.36 2 0
aibuddy/pkg/ahttp/base.go:97.36,99.4 1 0
aibuddy/pkg/ahttp/base.go:101.3,103.47 2 0
aibuddy/pkg/ahttp/base.go:103.47,108.4 1 0
aibuddy/pkg/ahttp/base.go:110.3,110.71 1 0
aibuddy/pkg/ahttp/base.go:110.71,112.4 1 0
aibuddy/pkg/ahttp/base.go:114.3,114.58 1 0
aibuddy/pkg/ahttp/base.go:119.96,120.24 1 0
aibuddy/pkg/ahttp/base.go:120.24,121.51 1 0
aibuddy/pkg/ahttp/base.go:121.51,122.59 1 0
aibuddy/pkg/ahttp/base.go:122.59,133.5 6 0
aibuddy/pkg/ahttp/base.go:135.4,137.60 1 0
aibuddy/pkg/ahttp/base.go:140.2,140.12 1 0
aibuddy/pkg/ahttp/base.go:144.100,153.23 3 0
aibuddy/pkg/ahttp/base.go:153.23,155.3 1 0
aibuddy/pkg/ahttp/base.go:156.2,157.20 2 0
aibuddy/pkg/ahttp/base.go:157.20,159.3 1 0
aibuddy/pkg/ahttp/base.go:160.2,160.73 1 0
aibuddy/pkg/ahttp/base.go:160.73,162.3 1 0
aibuddy/pkg/ahttp/base.go:164.2,164.12 1 0
aibuddy/pkg/ahttp/base.go:178.43,180.31 2 0
aibuddy/pkg/ahttp/base.go:180.31,182.3 1 0
aibuddy/pkg/ahttp/base.go:183.2,183.33 1 0
aibuddy/pkg/ahttp/base.go:187.51,189.16 2 0
aibuddy/pkg/ahttp/base.go:189.16,191.3 1 0
aibuddy/pkg/ahttp/base.go:192.2,192.65 1 0
aibuddy/pkg/ahttp/base.go:192.65,196.3 1 0
aibuddy/pkg/ahttp/base.go:198.2,198.12 1 0
aibuddy/pkg/ahttp/base.go:201.117,202.38 1 0
aibuddy/pkg/ahttp/base.go:202.38,204.3 1 0
aibuddy/pkg/ahttp/base.go:206.2,210.9 4 0
aibuddy/pkg/ahttp/base.go:210.9,212.3 1 0
aibuddy/pkg/ahttp/base.go:213.2,213.9 1 0
aibuddy/pkg/ahttp/base.go:213.9,215.3 1 0
aibuddy/pkg/ahttp/base.go:216.2,216.9 1 0
aibuddy/pkg/ahttp/base.go:216.9,218.3 1 0
aibuddy/pkg/ahttp/base.go:219.2,219.9 1 0
aibuddy/pkg/ahttp/base.go:219.9,221.3 1 0
aibuddy/pkg/ahttp/base.go:222.2,222.9 1 0
aibuddy/pkg/ahttp/base.go:222.9,224.3 1 0
aibuddy/pkg/ahttp/base.go:226.2,226.9 1 0
aibuddy/pkg/ahttp/base.go:226.9,228.3 1 0
aibuddy/pkg/ahttp/base.go:231.2,234.29 3 0
aibuddy/pkg/ahttp/base.go:234.29,235.41 1 0
aibuddy/pkg/ahttp/base.go:235.41,237.9 2 0
aibuddy/pkg/ahttp/base.go:241.2,241.33 1 0
aibuddy/pkg/ahttp/response.go:18.46,25.2 1 0
aibuddy/pkg/ahttp/response.go:28.52,31.2 2 0
aibuddy/pkg/ahttp/response.go:34.57,37.2 2 0
aibuddy/pkg/ahttp/response.go:40.48,43.2 2 0
aibuddy/pkg/ahttp/response.go:46.47,47.32 1 0
aibuddy/pkg/ahttp/response.go:47.32,49.3 1 0
aibuddy/pkg/ahttp/response.go:51.2,51.19 1 0
aibuddy/pkg/ahttp/response.go:51.19,53.3 1 0
aibuddy/pkg/ahttp/response.go:54.2,54.21 1 0
aibuddy/pkg/ahttp/response.go:54.21,56.3 1 0
aibuddy/pkg/ahttp/response.go:57.2,57.19 1 0
aibuddy/pkg/ahttp/response.go:57.19,59.3 1 0
aibuddy/pkg/ahttp/response.go:60.2,60.37 1 0
aibuddy/pkg/ahttp/response.go:64.38,65.32 1 0
aibuddy/pkg/ahttp/response.go:65.32,67.3 1 0
aibuddy/pkg/ahttp/response.go:68.2,68.19 1 0
aibuddy/pkg/ahttp/response.go:68.19,70.3 1 0
aibuddy/pkg/ahttp/response.go:71.2,71.21 1 0
aibuddy/pkg/ahttp/response.go:71.21,73.3 1 0
aibuddy/pkg/ahttp/response.go:74.2,76.37 3 0
aibuddy/pkg/ahttp/response.go:80.44,81.32 1 0
aibuddy/pkg/ahttp/response.go:81.32,83.3 1 0
aibuddy/pkg/ahttp/response.go:84.2,84.19 1 0
aibuddy/pkg/ahttp/response.go:84.19,86.3 1 0
aibuddy/pkg/ahttp/response.go:87.2,88.37 2 0
aibuddy/pkg/buddyerror/error.go:32.49,34.2 1 0
aibuddy/pkg/config/config.go:95.36,104.36 4 0
aibuddy/pkg/config/config.go:104.36,106.3 1 0
aibuddy/pkg/config/config.go:109.2,110.16 2 0
aibuddy/pkg/config/config.go:110.16,112.3 1 0
aibuddy/pkg/config/config.go:114.2,122.16 7 0
aibuddy/pkg/config/config.go:122.16,124.3 1 0
aibuddy/pkg/config/config.go:124.8,126.3 1 0
aibuddy/pkg/config/config.go:128.2,128.57 1 0
aibuddy/pkg/config/config.go:128.57,131.46 3 0
aibuddy/pkg/config/config.go:131.46,133.4 1 0
aibuddy/pkg/config/config.go:133.9,135.4 1 0
aibuddy/pkg/config/config.go:138.2,141.16 3 0
aibuddy/pkg/config/config.go:141.16,143.13 2 0
aibuddy/pkg/config/config.go:145.2,147.12 2 0
aibuddy/pkg/config/config.go:151.31,153.42 1 0
aibuddy/pkg/config/config.go:153.42,155.3 1 0
aibuddy/pkg/config/config.go:158.2,158.42 1 0
aibuddy/pkg/config/config.go:158.42,160.3 1 0
aibuddy/pkg/config/config.go:163.2,163.45 1 0
aibuddy/pkg/config/config.go:163.45,165.3 1 0
aibuddy/pkg/config/config.go:167.2,167.28 1 0
aibuddy/pkg/config/config.go:170.30,171.64 1 0
aibuddy/pkg/config/config.go:171.64,172.30 1 0
aibuddy/pkg/config/config.go:172.30,174.4 1 0
aibuddy/pkg/config/config.go:175.3,175.52 1 0
aibuddy/pkg/config/config.go:175.52,177.4 1 0
aibuddy/pkg/config/config.go:178.3,178.17 1 0
aibuddy/pkg/config/config.go:180.2,180.11 1 0
aibuddy/pkg/config/config.go:183.30,184.45 1 0
aibuddy/pkg/config/config.go:184.45,187.3 2 0
aibuddy/pkg/config/config.go:188.2,188.11 1 0
aibuddy/pkg/config/config.go:191.33,193.9 2 0
aibuddy/pkg/config/config.go:193.9,195.3 1 0
aibuddy/pkg/config/config.go:197.2,198.6 2 0
aibuddy/pkg/config/config.go:198.6,200.47 2 0
aibuddy/pkg/config/config.go:200.47,202.49 2 0
aibuddy/pkg/config/config.go:202.49,204.5 1 0
aibuddy/pkg/config/config.go:205.4,205.9 1 0
aibuddy/pkg/config/config.go:207.3,208.20 2 0
aibuddy/pkg/config/config.go:208.20,209.9 1 0
aibuddy/pkg/config/config.go:211.3,211.15 1 0
aibuddy/pkg/config/config.go:213.2,213.11 1 0
aibuddy/pkg/config/config.go:216.40,218.47 2 0
aibuddy/pkg/config/config.go:218.47,220.3 1 0
aibuddy/pkg/config/config.go:221.2,222.47 2 0
aibuddy/pkg/config/config.go:222.47,224.3 1 0
aibuddy/pkg/config/config.go:225.2,225.11 1 0
aibuddy/pkg/config/config.go:228.33,230.16 2 0
aibuddy/pkg/config/config.go:230.16,232.3 1 0
aibuddy/pkg/config/config.go:233.2,233.12 1 0
aibuddy/pkg/log/log.go:30.38,38.2 1 0
aibuddy/pkg/log/log.go:41.62,46.2 1 0
aibuddy/pkg/log/log.go:49.46,53.2 1 0
aibuddy/pkg/log/log.go:56.26,59.25 2 0
aibuddy/pkg/log/log.go:59.25,68.3 2 0
aibuddy/pkg/log/log.go:70.2,70.21 1 0
aibuddy/pkg/log/log.go:70.21,72.3 1 0
aibuddy/pkg/log/log.go:74.2,77.57 1 0
aibuddy/pkg/log/log.go:77.57,78.47 1 0
aibuddy/pkg/log/log.go:78.47,80.6 1 0
aibuddy/pkg/log/log.go:82.5,82.13 1 0
aibuddy/pkg/log/log.go:88.40,91.16 3 0
aibuddy/pkg/log/log.go:91.16,94.3 2 0
aibuddy/pkg/log/log.go:95.2,95.14 1 0
aibuddy/pkg/schedule/schedule.go:42.53,43.27 1 1
aibuddy/pkg/schedule/schedule.go:43.27,45.3 1 0
aibuddy/pkg/schedule/schedule.go:46.2,73.22 12 1
aibuddy/pkg/schedule/schedule.go:77.37,82.27 4 1
aibuddy/pkg/schedule/schedule.go:82.27,84.3 1 0
aibuddy/pkg/schedule/schedule.go:85.2,85.29 1 1
aibuddy/pkg/schedule/schedule.go:85.29,87.3 1 0
aibuddy/pkg/schedule/schedule.go:88.2,88.30 1 1
aibuddy/pkg/schedule/schedule.go:88.30,90.3 1 0
aibuddy/pkg/schedule/schedule.go:92.2,92.40 1 1
aibuddy/pkg/schedule/schedule.go:92.40,94.3 1 0
aibuddy/pkg/schedule/schedule.go:96.2,96.12 1 1
aibuddy/pkg/schedule/schedule.go:100.37,104.21 3 1
aibuddy/pkg/schedule/schedule.go:104.21,105.16 1 1
aibuddy/pkg/schedule/schedule.go:105.16,107.4 1 1
aibuddy/pkg/schedule/schedule.go:109.3,109.10 1 1
aibuddy/pkg/schedule/schedule.go:109.10,110.17 1 1
aibuddy/pkg/schedule/schedule.go:110.17,112.5 1 1
aibuddy/pkg/schedule/schedule.go:113.4,113.19 1 1
aibuddy/pkg/schedule/schedule.go:116.2,116.22 1 1
aibuddy/pkg/schedule/schedule.go:116.22,119.3 2 1
aibuddy/pkg/schedule/schedule.go:120.2,120.12 1 1
aibuddy/pkg/tracer/otlo.go:17.73,18.41 1 0
aibuddy/pkg/tracer/otlo.go:18.41,20.3 1 0
aibuddy/pkg/tracer/otlo.go:21.2,25.16 2 0
aibuddy/pkg/tracer/otlo.go:25.16,27.3 1 0
aibuddy/pkg/tracer/otlo.go:29.2,35.16 2 0
aibuddy/pkg/tracer/otlo.go:35.16,37.3 1 0
aibuddy/pkg/tracer/otlo.go:39.2,46.16 3 0
aibuddy/pkg/tracer/otlo.go:50.47,51.58 1 0
aibuddy/pkg/tracer/otlo.go:51.58,54.3 2 0
aibuddy/pkg/tracer/otlo.go:55.2,56.12 2 0
