mode: set
aibuddy/main.go:22.47,28.2 5 0
aibuddy/main.go:31.20,36.16 5 0
aibuddy/main.go:36.16,39.3 2 0
aibuddy/main.go:40.2,40.12 1 0
aibuddy/main.go:44.23,46.15 2 0
aibuddy/main.go:46.15,47.53 1 0
aibuddy/main.go:47.53,48.52 1 0
aibuddy/main.go:48.52,50.5 1 0
aibuddy/main.go:53.2,53.12 1 0
aibuddy/main.go:56.13,57.32 1 0
aibuddy/main.go:57.32,60.3 2 0
aibuddy/main.go:61.2,61.15 1 0
aibuddy/main.go:61.15,62.36 1 0
aibuddy/main.go:62.36,64.4 1 0
aibuddy/main.go:67.2,70.16 4 0
aibuddy/main.go:70.16,72.3 1 0
aibuddy/main.go:73.2,74.29 2 0
aibuddy/cmd/server/server.go:13.64,14.30 1 0
aibuddy/cmd/server/server.go:14.30,15.21 1 0
aibuddy/cmd/server/server.go:15.21,16.33 1 0
aibuddy/cmd/server/server.go:16.33,18.5 1 0
aibuddy/cmd/server/server.go:21.2,21.12 1 0
aibuddy/cmd/server/http/http.go:21.49,23.12 2 0
aibuddy/cmd/server/http/http.go:23.12,25.46 2 0
aibuddy/cmd/server/http/http.go:25.46,27.4 1 0
aibuddy/cmd/server/http/http.go:30.2,39.30 7 0
aibuddy/cmd/server/http/http.go:43.51,51.85 1 0
aibuddy/cmd/server/http/http.go:51.85,61.12 2 0
aibuddy/cmd/server/http/http.go:62.31,63.36 1 0
aibuddy/cmd/server/http/http.go:64.31,65.35 1 0
aibuddy/cmd/server/http/http.go:66.13,67.35 1 0
aibuddy/cmd/server/http/http.go:69.5,69.15 1 0
aibuddy/cmd/server/http/http.go:75.70,78.5 2 0
aibuddy/cmd/server/http/http.go:89.37,92.56 2 0
aibuddy/cmd/server/http/http.go:92.56,94.3 1 0
aibuddy/cmd/server/http/http.go:96.2,97.60 2 0
aibuddy/cmd/server/http/http.go:97.60,99.64 2 0
aibuddy/cmd/server/http/http.go:99.64,101.4 1 0
aibuddy/cmd/server/http/http.go:104.2,106.3 1 0
aibuddy/cmd/server/http/auth/auth.go:16.34,18.2 1 0
aibuddy/cmd/server/http/auth/auth.go:27.38,28.71 1 0
aibuddy/cmd/server/http/auth/auth.go:28.71,35.58 6 0
aibuddy/cmd/server/http/auth/auth.go:35.58,39.4 1 0
aibuddy/cmd/server/http/auth/auth.go:41.3,41.97 1 0
aibuddy/pkg/buddyerror/error.go:32.49,34.2 1 1
aibuddy/pkg/config/config.go:94.36,103.36 4 0
aibuddy/pkg/config/config.go:103.36,105.3 1 0
aibuddy/pkg/config/config.go:108.2,109.16 2 0
aibuddy/pkg/config/config.go:109.16,111.3 1 0
aibuddy/pkg/config/config.go:113.2,121.16 7 0
aibuddy/pkg/config/config.go:121.16,123.3 1 0
aibuddy/pkg/config/config.go:123.8,125.3 1 0
aibuddy/pkg/config/config.go:127.2,127.57 1 0
aibuddy/pkg/config/config.go:127.57,130.46 3 0
aibuddy/pkg/config/config.go:130.46,132.4 1 0
aibuddy/pkg/config/config.go:132.9,134.4 1 0
aibuddy/pkg/config/config.go:137.2,140.16 3 0
aibuddy/pkg/config/config.go:140.16,142.13 2 0
aibuddy/pkg/config/config.go:144.2,146.12 2 0
aibuddy/pkg/config/config.go:150.31,152.64 1 0
aibuddy/pkg/config/config.go:152.64,153.30 1 0
aibuddy/pkg/config/config.go:153.30,155.4 1 0
aibuddy/pkg/config/config.go:156.3,156.52 1 0
aibuddy/pkg/config/config.go:156.52,158.4 1 0
aibuddy/pkg/config/config.go:159.3,159.17 1 0
aibuddy/pkg/config/config.go:163.2,163.45 1 0
aibuddy/pkg/config/config.go:163.45,165.58 2 0
aibuddy/pkg/config/config.go:165.58,167.4 1 0
aibuddy/pkg/config/config.go:171.2,172.9 2 0
aibuddy/pkg/config/config.go:172.9,174.3 1 0
aibuddy/pkg/config/config.go:177.2,178.6 2 0
aibuddy/pkg/config/config.go:178.6,180.47 2 0
aibuddy/pkg/config/config.go:180.47,182.49 2 0
aibuddy/pkg/config/config.go:182.49,184.5 1 0
aibuddy/pkg/config/config.go:185.4,185.9 1 0
aibuddy/pkg/config/config.go:187.3,188.20 2 0
aibuddy/pkg/config/config.go:188.20,189.9 1 0
aibuddy/pkg/config/config.go:191.3,191.15 1 0
aibuddy/pkg/config/config.go:194.2,194.28 1 0
aibuddy/pkg/config/config.go:197.40,199.47 2 0
aibuddy/pkg/config/config.go:199.47,201.3 1 0
aibuddy/pkg/config/config.go:202.2,203.47 2 0
aibuddy/pkg/config/config.go:203.47,205.3 1 0
aibuddy/pkg/config/config.go:206.2,206.11 1 0
aibuddy/pkg/config/config.go:209.33,211.16 2 0
aibuddy/pkg/config/config.go:211.16,213.3 1 0
aibuddy/pkg/config/config.go:214.2,214.12 1 0
aibuddy/pkg/http/base.go:29.51,34.2 1 1
aibuddy/pkg/http/base.go:37.82,39.2 1 1
aibuddy/pkg/http/base.go:42.83,44.2 1 1
aibuddy/pkg/http/base.go:47.82,49.2 1 1
aibuddy/pkg/http/base.go:52.84,54.2 1 1
aibuddy/pkg/http/base.go:57.86,59.2 1 1
aibuddy/pkg/http/base.go:62.83,64.2 1 1
aibuddy/pkg/http/base.go:67.85,69.2 1 1
aibuddy/pkg/http/base.go:73.90,75.41 2 1
aibuddy/pkg/http/base.go:75.41,76.46 1 0
aibuddy/pkg/http/base.go:78.2,79.29 2 1
aibuddy/pkg/http/base.go:79.29,80.52 1 0
aibuddy/pkg/http/base.go:82.2,82.51 1 1
aibuddy/pkg/http/base.go:82.51,83.54 1 0
aibuddy/pkg/http/base.go:86.2,86.93 1 1
aibuddy/pkg/http/base.go:86.93,87.48 1 0
aibuddy/pkg/http/base.go:90.2,92.56 2 1
aibuddy/pkg/http/base.go:92.56,93.23 1 1
aibuddy/pkg/http/base.go:93.23,95.4 1 1
aibuddy/pkg/http/base.go:96.3,97.36 2 1
aibuddy/pkg/http/base.go:97.36,99.4 1 1
aibuddy/pkg/http/base.go:101.3,103.47 2 1
aibuddy/pkg/http/base.go:103.47,108.4 1 0
aibuddy/pkg/http/base.go:110.3,110.71 1 1
aibuddy/pkg/http/base.go:110.71,112.4 1 0
aibuddy/pkg/http/base.go:114.3,114.58 1 1
aibuddy/pkg/http/base.go:119.96,120.24 1 1
aibuddy/pkg/http/base.go:120.24,121.51 1 1
aibuddy/pkg/http/base.go:121.51,122.59 1 1
aibuddy/pkg/http/base.go:122.59,133.5 6 1
aibuddy/pkg/http/base.go:135.4,137.60 1 0
aibuddy/pkg/http/base.go:140.2,140.12 1 1
aibuddy/pkg/http/base.go:144.100,153.23 3 1
aibuddy/pkg/http/base.go:153.23,155.3 1 1
aibuddy/pkg/http/base.go:156.2,157.20 2 1
aibuddy/pkg/http/base.go:157.20,159.3 1 1
aibuddy/pkg/http/base.go:160.2,160.73 1 1
aibuddy/pkg/http/base.go:160.73,162.3 1 1
aibuddy/pkg/http/base.go:164.2,164.12 1 1
aibuddy/pkg/http/base.go:178.43,180.31 2 0
aibuddy/pkg/http/base.go:180.31,182.3 1 0
aibuddy/pkg/http/base.go:183.2,183.33 1 0
aibuddy/pkg/http/base.go:187.51,189.16 2 1
aibuddy/pkg/http/base.go:189.16,191.3 1 1
aibuddy/pkg/http/base.go:192.2,192.65 1 1
aibuddy/pkg/http/base.go:192.65,196.3 1 1
aibuddy/pkg/http/base.go:198.2,198.12 1 0
aibuddy/pkg/http/base.go:201.117,202.38 1 1
aibuddy/pkg/http/base.go:202.38,204.3 1 0
aibuddy/pkg/http/base.go:206.2,210.9 4 1
aibuddy/pkg/http/base.go:210.9,212.3 1 1
aibuddy/pkg/http/base.go:213.2,213.9 1 1
aibuddy/pkg/http/base.go:213.9,215.3 1 0
aibuddy/pkg/http/base.go:216.2,216.9 1 1
aibuddy/pkg/http/base.go:216.9,218.3 1 0
aibuddy/pkg/http/base.go:219.2,219.9 1 1
aibuddy/pkg/http/base.go:219.9,221.3 1 0
aibuddy/pkg/http/base.go:222.2,222.9 1 1
aibuddy/pkg/http/base.go:222.9,224.3 1 0
aibuddy/pkg/http/base.go:226.2,226.9 1 1
aibuddy/pkg/http/base.go:226.9,228.3 1 0
aibuddy/pkg/http/base.go:231.2,234.29 3 1
aibuddy/pkg/http/base.go:234.29,235.41 1 1
aibuddy/pkg/http/base.go:235.41,237.9 2 1
aibuddy/pkg/http/base.go:241.2,241.33 1 1
aibuddy/pkg/http/response.go:18.46,25.2 1 1
aibuddy/pkg/http/response.go:28.52,31.2 2 1
aibuddy/pkg/http/response.go:34.57,37.2 2 1
aibuddy/pkg/http/response.go:40.48,43.2 2 1
aibuddy/pkg/http/response.go:46.47,47.32 1 1
aibuddy/pkg/http/response.go:47.32,49.3 1 1
aibuddy/pkg/http/response.go:51.2,51.19 1 1
aibuddy/pkg/http/response.go:51.19,53.3 1 1
aibuddy/pkg/http/response.go:54.2,54.21 1 1
aibuddy/pkg/http/response.go:54.21,56.3 1 0
aibuddy/pkg/http/response.go:57.2,57.19 1 1
aibuddy/pkg/http/response.go:57.19,59.3 1 0
aibuddy/pkg/http/response.go:60.2,60.37 1 1
aibuddy/pkg/http/response.go:64.38,65.32 1 0
aibuddy/pkg/http/response.go:65.32,67.3 1 0
aibuddy/pkg/http/response.go:68.2,68.19 1 0
aibuddy/pkg/http/response.go:68.19,70.3 1 0
aibuddy/pkg/http/response.go:71.2,71.21 1 0
aibuddy/pkg/http/response.go:71.21,73.3 1 0
aibuddy/pkg/http/response.go:74.2,76.37 3 0
aibuddy/pkg/http/response.go:80.44,81.32 1 1
aibuddy/pkg/http/response.go:81.32,83.3 1 0
aibuddy/pkg/http/response.go:84.2,84.19 1 1
aibuddy/pkg/http/response.go:84.19,86.3 1 0
aibuddy/pkg/http/response.go:87.2,88.37 2 1
aibuddy/pkg/log/log.go:30.38,38.2 1 0
aibuddy/pkg/log/log.go:41.62,46.2 1 0
aibuddy/pkg/log/log.go:49.46,53.2 1 0
aibuddy/pkg/log/log.go:56.26,59.25 2 0
aibuddy/pkg/log/log.go:59.25,68.3 2 0
aibuddy/pkg/log/log.go:70.2,70.21 1 0
aibuddy/pkg/log/log.go:70.21,72.3 1 0
aibuddy/pkg/log/log.go:74.2,77.62 1 0
aibuddy/pkg/log/log.go:77.62,78.47 1 0
aibuddy/pkg/log/log.go:78.47,80.6 1 0
aibuddy/pkg/log/log.go:82.5,82.13 1 0
aibuddy/pkg/log/log.go:88.40,91.16 3 0
aibuddy/pkg/log/log.go:91.16,94.3 2 0
aibuddy/pkg/log/log.go:95.2,95.14 1 0
aibuddy/pkg/tracer/otlo.go:17.73,18.41 1 0
aibuddy/pkg/tracer/otlo.go:18.41,20.3 1 0
aibuddy/pkg/tracer/otlo.go:21.2,25.16 2 0
aibuddy/pkg/tracer/otlo.go:25.16,27.3 1 0
aibuddy/pkg/tracer/otlo.go:29.2,35.16 2 0
aibuddy/pkg/tracer/otlo.go:35.16,37.3 1 0
aibuddy/pkg/tracer/otlo.go:39.2,46.16 3 0
aibuddy/pkg/tracer/otlo.go:50.47,51.58 1 0
aibuddy/pkg/tracer/otlo.go:51.58,54.3 2 0
aibuddy/pkg/tracer/otlo.go:55.2,56.12 2 0
aibuddy/main.go:22.47,28.2 5 0
aibuddy/main.go:31.20,36.16 5 0
aibuddy/main.go:36.16,39.3 2 0
aibuddy/main.go:40.2,40.12 1 0
aibuddy/main.go:44.23,46.15 2 0
aibuddy/main.go:46.15,47.53 1 0
aibuddy/main.go:47.53,48.52 1 0
aibuddy/main.go:48.52,50.5 1 0
aibuddy/main.go:53.2,53.12 1 0
aibuddy/main.go:56.13,57.32 1 0
aibuddy/main.go:57.32,60.3 2 0
aibuddy/main.go:61.2,61.15 1 0
aibuddy/main.go:61.15,62.36 1 0
aibuddy/main.go:62.36,64.4 1 0
aibuddy/main.go:67.2,70.16 4 0
aibuddy/main.go:70.16,72.3 1 0
aibuddy/main.go:73.2,74.29 2 0
aibuddy/cmd/server/server.go:13.64,14.30 1 0
aibuddy/cmd/server/server.go:14.30,15.21 1 0
aibuddy/cmd/server/server.go:15.21,16.33 1 0
aibuddy/cmd/server/server.go:16.33,18.5 1 0
aibuddy/cmd/server/server.go:21.2,21.12 1 0
aibuddy/cmd/server/http/http.go:21.49,23.12 2 0
aibuddy/cmd/server/http/http.go:23.12,25.46 2 0
aibuddy/cmd/server/http/http.go:25.46,27.4 1 0
aibuddy/cmd/server/http/http.go:30.2,39.30 7 0
aibuddy/cmd/server/http/http.go:43.51,51.85 1 0
aibuddy/cmd/server/http/http.go:51.85,61.12 2 0
aibuddy/cmd/server/http/http.go:62.31,63.36 1 0
aibuddy/cmd/server/http/http.go:64.31,65.35 1 0
aibuddy/cmd/server/http/http.go:66.13,67.35 1 0
aibuddy/cmd/server/http/http.go:69.5,69.15 1 0
aibuddy/cmd/server/http/http.go:75.70,78.5 2 0
aibuddy/cmd/server/http/http.go:89.37,92.56 2 0
aibuddy/cmd/server/http/http.go:92.56,94.3 1 0
aibuddy/cmd/server/http/http.go:96.2,97.60 2 0
aibuddy/cmd/server/http/http.go:97.60,99.64 2 0
aibuddy/cmd/server/http/http.go:99.64,101.4 1 0
aibuddy/cmd/server/http/http.go:104.2,106.3 1 0
aibuddy/cmd/server/http/auth/auth.go:16.34,18.2 1 0
aibuddy/cmd/server/http/auth/auth.go:27.38,28.71 1 0
aibuddy/cmd/server/http/auth/auth.go:28.71,35.58 6 0
aibuddy/cmd/server/http/auth/auth.go:35.58,39.4 1 0
aibuddy/cmd/server/http/auth/auth.go:41.3,41.97 1 0
aibuddy/pkg/buddyerror/error.go:32.49,34.2 1 0
aibuddy/pkg/config/config.go:94.36,103.36 4 1
aibuddy/pkg/config/config.go:103.36,105.3 1 0
aibuddy/pkg/config/config.go:108.2,109.16 2 1
aibuddy/pkg/config/config.go:109.16,111.3 1 0
aibuddy/pkg/config/config.go:113.2,121.16 7 1
aibuddy/pkg/config/config.go:121.16,123.3 1 0
aibuddy/pkg/config/config.go:123.8,125.3 1 1
aibuddy/pkg/config/config.go:127.2,127.57 1 1
aibuddy/pkg/config/config.go:127.57,130.46 3 1
aibuddy/pkg/config/config.go:130.46,132.4 1 1
aibuddy/pkg/config/config.go:132.9,134.4 1 1
aibuddy/pkg/config/config.go:137.2,140.16 3 1
aibuddy/pkg/config/config.go:140.16,142.13 2 0
aibuddy/pkg/config/config.go:144.2,146.12 2 1
aibuddy/pkg/config/config.go:150.31,152.64 1 1
aibuddy/pkg/config/config.go:152.64,153.30 1 0
aibuddy/pkg/config/config.go:153.30,155.4 1 0
aibuddy/pkg/config/config.go:156.3,156.52 1 0
aibuddy/pkg/config/config.go:156.52,158.4 1 0
aibuddy/pkg/config/config.go:159.3,159.17 1 0
aibuddy/pkg/config/config.go:163.2,163.45 1 1
aibuddy/pkg/config/config.go:163.45,165.58 2 1
aibuddy/pkg/config/config.go:165.58,167.4 1 0
aibuddy/pkg/config/config.go:171.2,172.9 2 1
aibuddy/pkg/config/config.go:172.9,174.3 1 0
aibuddy/pkg/config/config.go:177.2,178.6 2 1
aibuddy/pkg/config/config.go:178.6,180.47 2 1
aibuddy/pkg/config/config.go:180.47,182.49 2 1
aibuddy/pkg/config/config.go:182.49,184.5 1 1
aibuddy/pkg/config/config.go:185.4,185.9 1 0
aibuddy/pkg/config/config.go:187.3,188.20 2 1
aibuddy/pkg/config/config.go:188.20,189.9 1 0
aibuddy/pkg/config/config.go:191.3,191.15 1 1
aibuddy/pkg/config/config.go:194.2,194.28 1 0
aibuddy/pkg/config/config.go:197.40,199.47 2 1
aibuddy/pkg/config/config.go:199.47,201.3 1 0
aibuddy/pkg/config/config.go:202.2,203.47 2 1
aibuddy/pkg/config/config.go:203.47,205.3 1 0
aibuddy/pkg/config/config.go:206.2,206.11 1 1
aibuddy/pkg/config/config.go:209.33,211.16 2 0
aibuddy/pkg/config/config.go:211.16,213.3 1 0
aibuddy/pkg/config/config.go:214.2,214.12 1 0
aibuddy/pkg/http/base.go:29.51,34.2 1 0
aibuddy/pkg/http/base.go:37.82,39.2 1 0
aibuddy/pkg/http/base.go:42.83,44.2 1 0
aibuddy/pkg/http/base.go:47.82,49.2 1 0
aibuddy/pkg/http/base.go:52.84,54.2 1 0
aibuddy/pkg/http/base.go:57.86,59.2 1 0
aibuddy/pkg/http/base.go:62.83,64.2 1 0
aibuddy/pkg/http/base.go:67.85,69.2 1 0
aibuddy/pkg/http/base.go:73.90,75.41 2 0
aibuddy/pkg/http/base.go:75.41,76.46 1 0
aibuddy/pkg/http/base.go:78.2,79.29 2 0
aibuddy/pkg/http/base.go:79.29,80.52 1 0
aibuddy/pkg/http/base.go:82.2,82.51 1 0
aibuddy/pkg/http/base.go:82.51,83.54 1 0
aibuddy/pkg/http/base.go:86.2,86.93 1 0
aibuddy/pkg/http/base.go:86.93,87.48 1 0
aibuddy/pkg/http/base.go:90.2,92.56 2 0
aibuddy/pkg/http/base.go:92.56,93.23 1 0
aibuddy/pkg/http/base.go:93.23,95.4 1 0
aibuddy/pkg/http/base.go:96.3,97.36 2 0
aibuddy/pkg/http/base.go:97.36,99.4 1 0
aibuddy/pkg/http/base.go:101.3,103.47 2 0
aibuddy/pkg/http/base.go:103.47,108.4 1 0
aibuddy/pkg/http/base.go:110.3,110.71 1 0
aibuddy/pkg/http/base.go:110.71,112.4 1 0
aibuddy/pkg/http/base.go:114.3,114.58 1 0
aibuddy/pkg/http/base.go:119.96,120.24 1 0
aibuddy/pkg/http/base.go:120.24,121.51 1 0
aibuddy/pkg/http/base.go:121.51,122.59 1 0
aibuddy/pkg/http/base.go:122.59,133.5 6 0
aibuddy/pkg/http/base.go:135.4,137.60 1 0
aibuddy/pkg/http/base.go:140.2,140.12 1 0
aibuddy/pkg/http/base.go:144.100,153.23 3 0
aibuddy/pkg/http/base.go:153.23,155.3 1 0
aibuddy/pkg/http/base.go:156.2,157.20 2 0
aibuddy/pkg/http/base.go:157.20,159.3 1 0
aibuddy/pkg/http/base.go:160.2,160.73 1 0
aibuddy/pkg/http/base.go:160.73,162.3 1 0
aibuddy/pkg/http/base.go:164.2,164.12 1 0
aibuddy/pkg/http/base.go:178.43,180.31 2 0
aibuddy/pkg/http/base.go:180.31,182.3 1 0
aibuddy/pkg/http/base.go:183.2,183.33 1 0
aibuddy/pkg/http/base.go:187.51,189.16 2 0
aibuddy/pkg/http/base.go:189.16,191.3 1 0
aibuddy/pkg/http/base.go:192.2,192.65 1 0
aibuddy/pkg/http/base.go:192.65,196.3 1 0
aibuddy/pkg/http/base.go:198.2,198.12 1 0
aibuddy/pkg/http/base.go:201.117,202.38 1 0
aibuddy/pkg/http/base.go:202.38,204.3 1 0
aibuddy/pkg/http/base.go:206.2,210.9 4 0
aibuddy/pkg/http/base.go:210.9,212.3 1 0
aibuddy/pkg/http/base.go:213.2,213.9 1 0
aibuddy/pkg/http/base.go:213.9,215.3 1 0
aibuddy/pkg/http/base.go:216.2,216.9 1 0
aibuddy/pkg/http/base.go:216.9,218.3 1 0
aibuddy/pkg/http/base.go:219.2,219.9 1 0
aibuddy/pkg/http/base.go:219.9,221.3 1 0
aibuddy/pkg/http/base.go:222.2,222.9 1 0
aibuddy/pkg/http/base.go:222.9,224.3 1 0
aibuddy/pkg/http/base.go:226.2,226.9 1 0
aibuddy/pkg/http/base.go:226.9,228.3 1 0
aibuddy/pkg/http/base.go:231.2,234.29 3 0
aibuddy/pkg/http/base.go:234.29,235.41 1 0
aibuddy/pkg/http/base.go:235.41,237.9 2 0
aibuddy/pkg/http/base.go:241.2,241.33 1 0
aibuddy/pkg/http/response.go:18.46,25.2 1 0
aibuddy/pkg/http/response.go:28.52,31.2 2 0
aibuddy/pkg/http/response.go:34.57,37.2 2 0
aibuddy/pkg/http/response.go:40.48,43.2 2 0
aibuddy/pkg/http/response.go:46.47,47.32 1 0
aibuddy/pkg/http/response.go:47.32,49.3 1 0
aibuddy/pkg/http/response.go:51.2,51.19 1 0
aibuddy/pkg/http/response.go:51.19,53.3 1 0
aibuddy/pkg/http/response.go:54.2,54.21 1 0
aibuddy/pkg/http/response.go:54.21,56.3 1 0
aibuddy/pkg/http/response.go:57.2,57.19 1 0
aibuddy/pkg/http/response.go:57.19,59.3 1 0
aibuddy/pkg/http/response.go:60.2,60.37 1 0
aibuddy/pkg/http/response.go:64.38,65.32 1 0
aibuddy/pkg/http/response.go:65.32,67.3 1 0
aibuddy/pkg/http/response.go:68.2,68.19 1 0
aibuddy/pkg/http/response.go:68.19,70.3 1 0
aibuddy/pkg/http/response.go:71.2,71.21 1 0
aibuddy/pkg/http/response.go:71.21,73.3 1 0
aibuddy/pkg/http/response.go:74.2,76.37 3 0
aibuddy/pkg/http/response.go:80.44,81.32 1 0
aibuddy/pkg/http/response.go:81.32,83.3 1 0
aibuddy/pkg/http/response.go:84.2,84.19 1 0
aibuddy/pkg/http/response.go:84.19,86.3 1 0
aibuddy/pkg/http/response.go:87.2,88.37 2 0
aibuddy/pkg/log/log.go:30.38,38.2 1 0
aibuddy/pkg/log/log.go:41.62,46.2 1 0
aibuddy/pkg/log/log.go:49.46,53.2 1 0
aibuddy/pkg/log/log.go:56.26,59.25 2 0
aibuddy/pkg/log/log.go:59.25,68.3 2 0
aibuddy/pkg/log/log.go:70.2,70.21 1 0
aibuddy/pkg/log/log.go:70.21,72.3 1 0
aibuddy/pkg/log/log.go:74.2,77.62 1 0
aibuddy/pkg/log/log.go:77.62,78.47 1 0
aibuddy/pkg/log/log.go:78.47,80.6 1 0
aibuddy/pkg/log/log.go:82.5,82.13 1 0
aibuddy/pkg/log/log.go:88.40,91.16 3 0
aibuddy/pkg/log/log.go:91.16,94.3 2 0
aibuddy/pkg/log/log.go:95.2,95.14 1 0
aibuddy/pkg/tracer/otlo.go:17.73,18.41 1 0
aibuddy/pkg/tracer/otlo.go:18.41,20.3 1 0
aibuddy/pkg/tracer/otlo.go:21.2,25.16 2 0
aibuddy/pkg/tracer/otlo.go:25.16,27.3 1 0
aibuddy/pkg/tracer/otlo.go:29.2,35.16 2 0
aibuddy/pkg/tracer/otlo.go:35.16,37.3 1 0
aibuddy/pkg/tracer/otlo.go:39.2,46.16 3 0
aibuddy/pkg/tracer/otlo.go:50.47,51.58 1 0
aibuddy/pkg/tracer/otlo.go:51.58,54.3 2 0
aibuddy/pkg/tracer/otlo.go:55.2,56.12 2 0
aibuddy/main.go:22.47,28.2 5 0
aibuddy/main.go:31.20,36.16 5 0
aibuddy/main.go:36.16,39.3 2 0
aibuddy/main.go:40.2,40.12 1 0
aibuddy/main.go:44.23,46.15 2 0
aibuddy/main.go:46.15,47.53 1 0
aibuddy/main.go:47.53,48.52 1 0
aibuddy/main.go:48.52,50.5 1 0
aibuddy/main.go:53.2,53.12 1 0
aibuddy/main.go:56.13,57.32 1 0
aibuddy/main.go:57.32,60.3 2 0
aibuddy/main.go:61.2,61.15 1 0
aibuddy/main.go:61.15,62.36 1 0
aibuddy/main.go:62.36,64.4 1 0
aibuddy/main.go:67.2,70.16 4 0
aibuddy/main.go:70.16,72.3 1 0
aibuddy/main.go:73.2,74.29 2 0
aibuddy/cmd/server/http/auth/auth.go:16.34,18.2 1 0
aibuddy/cmd/server/http/auth/auth.go:27.38,28.71 1 0
aibuddy/cmd/server/http/auth/auth.go:28.71,35.58 6 0
aibuddy/cmd/server/http/auth/auth.go:35.58,39.4 1 0
aibuddy/cmd/server/http/auth/auth.go:41.3,41.97 1 0
aibuddy/cmd/server/server.go:13.64,14.30 1 0
aibuddy/cmd/server/server.go:14.30,15.21 1 0
aibuddy/cmd/server/server.go:15.21,16.33 1 0
aibuddy/cmd/server/server.go:16.33,18.5 1 0
aibuddy/cmd/server/server.go:21.2,21.12 1 0
aibuddy/cmd/server/http/http.go:21.49,23.12 2 0
aibuddy/cmd/server/http/http.go:23.12,25.46 2 0
aibuddy/cmd/server/http/http.go:25.46,27.4 1 0
aibuddy/cmd/server/http/http.go:30.2,39.30 7 0
aibuddy/cmd/server/http/http.go:43.51,51.85 1 0
aibuddy/cmd/server/http/http.go:51.85,61.12 2 0
aibuddy/cmd/server/http/http.go:62.31,63.36 1 0
aibuddy/cmd/server/http/http.go:64.31,65.35 1 0
aibuddy/cmd/server/http/http.go:66.13,67.35 1 0
aibuddy/cmd/server/http/http.go:69.5,69.15 1 0
aibuddy/cmd/server/http/http.go:75.70,78.5 2 0
aibuddy/cmd/server/http/http.go:89.37,92.56 2 0
aibuddy/cmd/server/http/http.go:92.56,94.3 1 0
aibuddy/cmd/server/http/http.go:96.2,97.60 2 0
aibuddy/cmd/server/http/http.go:97.60,99.64 2 0
aibuddy/cmd/server/http/http.go:99.64,101.4 1 0
aibuddy/cmd/server/http/http.go:104.2,106.3 1 0
aibuddy/pkg/buddyerror/error.go:32.49,34.2 1 0
aibuddy/pkg/tracer/otlo.go:17.73,18.41 1 0
aibuddy/pkg/tracer/otlo.go:18.41,20.3 1 0
aibuddy/pkg/tracer/otlo.go:21.2,25.16 2 0
aibuddy/pkg/tracer/otlo.go:25.16,27.3 1 0
aibuddy/pkg/tracer/otlo.go:29.2,35.16 2 0
aibuddy/pkg/tracer/otlo.go:35.16,37.3 1 0
aibuddy/pkg/tracer/otlo.go:39.2,46.16 3 0
aibuddy/pkg/tracer/otlo.go:50.47,51.58 1 0
aibuddy/pkg/tracer/otlo.go:51.58,54.3 2 0
aibuddy/pkg/tracer/otlo.go:55.2,56.12 2 0
aibuddy/pkg/log/log.go:30.38,38.2 1 0
aibuddy/pkg/log/log.go:41.62,46.2 1 0
aibuddy/pkg/log/log.go:49.46,53.2 1 0
aibuddy/pkg/log/log.go:56.26,59.25 2 0
aibuddy/pkg/log/log.go:59.25,68.3 2 0
aibuddy/pkg/log/log.go:70.2,70.21 1 0
aibuddy/pkg/log/log.go:70.21,72.3 1 0
aibuddy/pkg/log/log.go:74.2,77.62 1 0
aibuddy/pkg/log/log.go:77.62,78.47 1 0
aibuddy/pkg/log/log.go:78.47,80.6 1 0
aibuddy/pkg/log/log.go:82.5,82.13 1 0
aibuddy/pkg/log/log.go:88.40,91.16 3 0
aibuddy/pkg/log/log.go:91.16,94.3 2 0
aibuddy/pkg/log/log.go:95.2,95.14 1 0
